__dispose.........dispose           __make_array......makearr
__new.............new               _abs..............abs
_atan.............atan              _char_of_int......chr
_cos..............cos               _decr.............decr
_exit.............exit              _exp..............exp
_fabs.............fabs              _float_of_int.....float
_formatInteger....formati           _formatReal.......formatr
_incr.............incr              _int_of_char......ord
_int_of_float.....trunc             _ln...............ln
_parseInteger.....parsei            _parseReal........parser
_pi...............pi                _printString......print
_print_bool.......printb            _print_char.......printc
_print_float......printr            _print_int........printi
_print_string.....prints            _readString.......read
_read_bool........readb             _read_char........readc
_read_float.......readr             _read_int.........readi
_read_string......reads             _round............round
_sin..............sin               _sqrt.............sqrt
_strcat...........strcat            _strcmp...........strcmp
_strcpy...........strcpy            _strlen...........strlen
_tan..............tan               

printi            Offset: 00000010H  Code and data size: 3cH
  _print_int      

readi             Offset: 000000f0H  Code and data size: 136H
  _read_int       

printc            Offset: 000001d0H  Code and data size: 1dH
  _print_char     

readc             Offset: 00000260H  Code and data size: 16H
  _read_char      

printb            Offset: 000002e0H  Code and data size: 29H
  _print_bool     

readb             Offset: 00000390H  Code and data size: 13aH
  _read_bool      

printr            Offset: 00000460H  Code and data size: 93H
  _print_float    

readr             Offset: 00000560H  Code and data size: 136H
  _read_float     

prints            Offset: 00000640H  Code and data size: 15H
  _print_string   

reads             Offset: 000006e0H  Code and data size: 18H
  _read_string    

abs               Offset: 00000780H  Code and data size: 13H
  _abs            

fabs              Offset: 000007f0H  Code and data size: 12H
  _fabs           

sqrt              Offset: 00000860H  Code and data size: 12H
  _sqrt           

sin               Offset: 000008d0H  Code and data size: 2bH
  _sin            

cos               Offset: 00000960H  Code and data size: 31H
  _cos            

tan               Offset: 00000a00H  Code and data size: 18H
  _tan            

atan              Offset: 00000a80H  Code and data size: 15H
  _atan           

exp               Offset: 00000b00H  Code and data size: 1eH
  _exp            

ln                Offset: 00000b80H  Code and data size: 1bH
  _ln             

pi                Offset: 00000c00H  Code and data size: eH
  _pi             

incr              Offset: 00000c70H  Code and data size: fH
  _incr           

decr              Offset: 00000ce0H  Code and data size: fH
  _decr           

float             Offset: 00000d50H  Code and data size: 11H
  _float_of_int   

trunc             Offset: 00000dd0H  Code and data size: 27H
  _int_of_float   

round             Offset: 00000e80H  Code and data size: 51H
  _round          

ord               Offset: 00000f70H  Code and data size: fH
  _int_of_char    

chr               Offset: 00000ff0H  Code and data size: dH
  _char_of_int    

exit              Offset: 00001060H  Code and data size: aH
  _exit           

strlen            Offset: 000010d0H  Code and data size: 1bH
  _strlen         

strcmp            Offset: 00001150H  Code and data size: 34H
  _strcmp         

strcpy            Offset: 000011f0H  Code and data size: 1bH
  _strcpy         

strcat            Offset: 00001270H  Code and data size: 28H
  _strcat         

new               Offset: 00001300H  Code and data size: 17H
  __new           

dispose           Offset: 00001390H  Code and data size: 1H
  __dispose       

makearr           Offset: 00001400H  Code and data size: 53H
  __make_array    

formati           Offset: 000014e0H  Code and data size: 16bH
  _formatInteger  

formatr           Offset: 000016f0H  Code and data size: 738H
  _formatReal     

parsei            Offset: 00001fa0H  Code and data size: b9H
  _parseInteger   

parser            Offset: 000020d0H  Code and data size: 1f9H
  _parseReal      

print             Offset: 00002360H  Code and data size: 22H
  _printString    

read              Offset: 000023f0H  Code and data size: 74H
  _readString     
