   0  $accept : %entry% $end

   1  pmodule : initialization declaration_list T_eof

   2  initialization :

   3  declaration_list :
   4                   | declaration declaration_list

   5  declaration : const_def
   6              | var_def
   7              | routine
   8              | program

   9  const_inner_def : T_name T_eq const_expr

  10  const_def : T_const ptype const_inner_def const_def_list T_semicolon

  11  const_def_list :
  12                 | T_comma const_inner_def const_def_list

  13  var_def : ptype var_init var_def_list T_semicolon

  14  var_def_list :
  15               | T_comma var_init var_def_list

  16  var_init : T_name
  17           | T_name T_eq expr
  18           | T_name var_init_bra_list

  19  var_init_bra_list : T_lbracket const_expr T_rbracket
  20                    | T_lbracket const_expr T_rbracket var_init_bra_list

  21  routine_header : routine_header_beg T_lparen routine_header_body T_rparen

  22  routine_header_body :
  23                      | ptype formal routine_header_list

  24  routine_header_list :
  25                      | T_comma ptype formal routine_header_list

  26  routine_header_beg : T_PROC T_name
  27                     | T_FUNC ptype T_name

  28  formal : T_name
  29         | T_ampersand T_name
  30         | T_name T_lbracket const_expr T_rbracket formal_end
  31         | T_name T_lbracket T_rbracket formal_end

  32  formal_end :
  33             | T_lbracket const_expr T_rbracket formal_end

  34  routine : routine_header T_semicolon closeScope
  35          | routine_header block closeScope

  36  program_header : T_PROGRAM T_name T_lparen T_rparen

  37  program : openScope program_header block closeScope

  38  openScope :

  39  closeScope :

  40  ptype : T_int
  41        | T_bool
  42        | T_char
  43        | T_REAL

  44  const_expr : expr

  45  expr : T_int_const
  46       | T_real_const
  47       | T_const_char
  48       | T_string_const
  49       | T_true
  50       | T_false
  51       | T_lparen expr T_rparen
  52       | l_value
  53       | call
  54       | T_plus expr
  55       | T_minus expr
  56       | T_NOT expr
  57       | T_not expr
  58       | expr T_plus expr
  59       | expr T_minus expr
  60       | expr T_times expr
  61       | expr T_div expr
  62       | expr T_mod expr
  63       | expr T_MOD expr
  64       | expr T_equal expr
  65       | expr T_not_equal expr
  66       | expr T_greater expr
  67       | expr T_less expr
  68       | expr T_less_equal expr
  69       | expr T_greater_equal expr
  70       | expr T_and expr
  71       | expr T_AND expr
  72       | expr T_OR expr
  73       | expr T_or expr

  74  l_value : T_name expr_list

  75  expr_list :
  76            | T_lbracket expr T_rbracket expr_list

  77  call : T_name T_lparen T_rparen
  78       | T_name T_lparen expr expressions T_rparen

  79  expressions :
  80              | T_comma expr expressions

  81  block : T_lbrace inner_block T_rbrace

  82  inner_block :
  83              | local_def inner_block
  84              | stmt inner_block

  85  local_def : const_def
  86            | var_def

  87  stmt : T_semicolon
  88       | l_value assign expr T_semicolon
  89       | l_value T_plus_plus T_semicolon
  90       | l_value T_minus_minus T_semicolon
  91       | call T_semicolon
  92       | T_if T_lparen expr T_rparen stmt T_else stmt
  93       | T_if T_lparen expr T_rparen stmt
  94       | T_while stoppable T_lparen expr T_rparen stmt
  95       | T_FOR stoppable T_lparen T_name T_comma range T_rparen stmt
  96       | T_do stoppable stmt T_while T_lparen expr T_rparen T_semicolon
  97       | T_switch stoppable T_lparen expr T_rparen T_lbrace inner_switch T_default T_colon clause T_rbrace
  98       | T_switch stoppable T_lparen expr T_rparen T_lbrace inner_switch T_rbrace
  99       | T_break T_semicolon
 100       | T_continue T_semicolon
 101       | T_return T_semicolon
 102       | T_return expr T_semicolon
 103       | openScope block closeScope
 104       | write T_lparen T_rparen T_semicolon
 105       | write T_lparen pformat pformat_list T_rparen T_semicolon

 106  stoppable :

 107  assign : T_eq
 108         | T_plus_equal
 109         | T_minus_equal
 110         | T_mod_equal
 111         | T_div_equal
 112         | T_times_equal

 113  range : expr T_TO expr
 114        | expr T_TO expr T_STEP expr
 115        | expr T_DOWNTO expr
 116        | expr T_DOWNTO expr T_STEP expr

 117  stmt_list :
 118            | stmt stmt_list

 119  clause : stmt_list
 120         | stmt_list T_NEXT T_semicolon

 121  inner_switch :
 122               | switch_exp clause inner_switch

 123  switch_exp : T_case const_expr T_colon
 124             | T_case const_expr switch_exp

 125  pformat_list :
 126               | T_comma pformat pformat_list

 127  write : T_WRITE
 128        | T_WRITELN
 129        | T_WRITESP
 130        | T_WRITESPLN

 131  pformat : expr
 132          | T_FORM T_lparen expr T_comma expr T_rparen
 133          | T_FORM T_lparen expr T_comma expr T_comma expr T_rparen

 134  %entry% : '\001' pmodule

state 0
	$accept : . %entry% $end  (0)

	'\001'  shift 1
	.  error

	%entry%  goto 2


state 1
	%entry% : '\001' . pmodule  (134)
	initialization : .  (2)

	.  reduce 2

	pmodule  goto 3
	initialization  goto 4


state 2
	$accept : %entry% . $end  (0)

	$end  accept


state 3
	%entry% : '\001' pmodule .  (134)

	.  reduce 134


state 4
	pmodule : initialization . declaration_list T_eof  (1)
	declaration_list : .  (3)
	openScope : .  (38)

	T_bool  shift 5
	T_char  shift 6
	T_const  shift 7
	T_FUNC  shift 8
	T_int  shift 9
	T_PROC  shift 10
	T_REAL  shift 11
	T_PROGRAM  reduce 38
	T_eof  reduce 3

	declaration_list  goto 12
	declaration  goto 13
	const_def  goto 14
	var_def  goto 15
	routine  goto 16
	routine_header  goto 17
	routine_header_beg  goto 18
	program  goto 19
	ptype  goto 20
	openScope  goto 21


state 5
	ptype : T_bool .  (41)

	.  reduce 41


state 6
	ptype : T_char .  (42)

	.  reduce 42


state 7
	const_def : T_const . ptype const_inner_def const_def_list T_semicolon  (10)

	T_bool  shift 5
	T_char  shift 6
	T_int  shift 9
	T_REAL  shift 11
	.  error

	ptype  goto 22


state 8
	routine_header_beg : T_FUNC . ptype T_name  (27)

	T_bool  shift 5
	T_char  shift 6
	T_int  shift 9
	T_REAL  shift 11
	.  error

	ptype  goto 23


state 9
	ptype : T_int .  (40)

	.  reduce 40


state 10
	routine_header_beg : T_PROC . T_name  (26)

	T_name  shift 24
	.  error


state 11
	ptype : T_REAL .  (43)

	.  reduce 43


state 12
	pmodule : initialization declaration_list . T_eof  (1)

	T_eof  shift 25
	.  error


state 13
	declaration_list : declaration . declaration_list  (4)
	declaration_list : .  (3)
	openScope : .  (38)

	T_bool  shift 5
	T_char  shift 6
	T_const  shift 7
	T_FUNC  shift 8
	T_int  shift 9
	T_PROC  shift 10
	T_REAL  shift 11
	T_PROGRAM  reduce 38
	T_eof  reduce 3

	declaration_list  goto 26
	declaration  goto 13
	const_def  goto 14
	var_def  goto 15
	routine  goto 16
	routine_header  goto 17
	routine_header_beg  goto 18
	program  goto 19
	ptype  goto 20
	openScope  goto 21


state 14
	declaration : const_def .  (5)

	.  reduce 5


state 15
	declaration : var_def .  (6)

	.  reduce 6


state 16
	declaration : routine .  (7)

	.  reduce 7


state 17
	routine : routine_header . T_semicolon closeScope  (34)
	routine : routine_header . block closeScope  (35)

	T_semicolon  shift 27
	T_lbrace  shift 28
	.  error

	block  goto 29


state 18
	routine_header : routine_header_beg . T_lparen routine_header_body T_rparen  (21)

	T_lparen  shift 30
	.  error


state 19
	declaration : program .  (8)

	.  reduce 8


state 20
	var_def : ptype . var_init var_def_list T_semicolon  (13)

	T_name  shift 31
	.  error

	var_init  goto 32


state 21
	program : openScope . program_header block closeScope  (37)

	T_PROGRAM  shift 33
	.  error

	program_header  goto 34


state 22
	const_def : T_const ptype . const_inner_def const_def_list T_semicolon  (10)

	T_name  shift 35
	.  error

	const_inner_def  goto 36


state 23
	routine_header_beg : T_FUNC ptype . T_name  (27)

	T_name  shift 37
	.  error


state 24
	routine_header_beg : T_PROC T_name .  (26)

	.  reduce 26


state 25
	pmodule : initialization declaration_list T_eof .  (1)

	.  reduce 1


state 26
	declaration_list : declaration declaration_list .  (4)

	.  reduce 4


state 27
	routine : routine_header T_semicolon . closeScope  (34)
	closeScope : .  (39)

	.  reduce 39

	closeScope  goto 38


state 28
	block : T_lbrace . inner_block T_rbrace  (81)
	openScope : .  (38)
	inner_block : .  (82)

	T_bool  shift 5
	T_break  shift 39
	T_char  shift 6
	T_const  shift 7
	T_continue  shift 40
	T_do  shift 41
	T_FOR  shift 42
	T_if  shift 43
	T_int  shift 9
	T_REAL  shift 11
	T_return  shift 44
	T_switch  shift 45
	T_while  shift 46
	T_WRITE  shift 47
	T_WRITELN  shift 48
	T_WRITESP  shift 49
	T_WRITESPLN  shift 50
	T_semicolon  shift 51
	T_name  shift 52
	T_lbrace  reduce 38
	T_rbrace  reduce 82

	const_def  goto 53
	var_def  goto 54
	ptype  goto 20
	l_value  goto 55
	call  goto 56
	inner_block  goto 57
	local_def  goto 58
	stmt  goto 59
	write  goto 60
	openScope  goto 61


state 29
	routine : routine_header block . closeScope  (35)
	closeScope : .  (39)

	.  reduce 39

	closeScope  goto 62


state 30
	routine_header : routine_header_beg T_lparen . routine_header_body T_rparen  (21)
	routine_header_body : .  (22)

	T_bool  shift 5
	T_char  shift 6
	T_int  shift 9
	T_REAL  shift 11
	T_rparen  reduce 22

	routine_header_body  goto 63
	ptype  goto 64


state 31
	var_init : T_name .  (16)
	var_init : T_name . T_eq expr  (17)
	var_init : T_name . var_init_bra_list  (18)

	T_eq  shift 65
	T_lbracket  shift 66
	T_semicolon  reduce 16
	T_comma  reduce 16

	var_init_bra_list  goto 67


state 32
	var_def : ptype var_init . var_def_list T_semicolon  (13)
	var_def_list : .  (14)

	T_comma  shift 68
	T_semicolon  reduce 14

	var_def_list  goto 69


state 33
	program_header : T_PROGRAM . T_name T_lparen T_rparen  (36)

	T_name  shift 70
	.  error


state 34
	program : openScope program_header . block closeScope  (37)

	T_lbrace  shift 28
	.  error

	block  goto 71


state 35
	const_inner_def : T_name . T_eq const_expr  (9)

	T_eq  shift 72
	.  error


state 36
	const_def : T_const ptype const_inner_def . const_def_list T_semicolon  (10)
	const_def_list : .  (11)

	T_comma  shift 73
	T_semicolon  reduce 11

	const_def_list  goto 74


state 37
	routine_header_beg : T_FUNC ptype T_name .  (27)

	.  reduce 27


state 38
	routine : routine_header T_semicolon closeScope .  (34)

	.  reduce 34


state 39
	stmt : T_break . T_semicolon  (99)

	T_semicolon  shift 75
	.  error


state 40
	stmt : T_continue . T_semicolon  (100)

	T_semicolon  shift 76
	.  error


state 41
	stmt : T_do . stoppable stmt T_while T_lparen expr T_rparen T_semicolon  (96)
	stoppable : .  (106)

	.  reduce 106

	stoppable  goto 77


state 42
	stmt : T_FOR . stoppable T_lparen T_name T_comma range T_rparen stmt  (95)
	stoppable : .  (106)

	.  reduce 106

	stoppable  goto 78


state 43
	stmt : T_if . T_lparen expr T_rparen stmt T_else stmt  (92)
	stmt : T_if . T_lparen expr T_rparen stmt  (93)

	T_lparen  shift 79
	.  error


state 44
	stmt : T_return . T_semicolon  (101)
	stmt : T_return . expr T_semicolon  (102)

	T_false  shift 80
	T_not  shift 81
	T_true  shift 82
	T_lparen  shift 83
	T_plus  shift 84
	T_minus  shift 85
	T_NOT  shift 86
	T_semicolon  shift 87
	T_name  shift 52
	T_real_const  shift 88
	T_const_char  shift 89
	T_string_const  shift 90
	T_int_const  shift 91
	.  error

	expr  goto 92
	l_value  goto 93
	call  goto 94


state 45
	stmt : T_switch . stoppable T_lparen expr T_rparen T_lbrace inner_switch T_default T_colon clause T_rbrace  (97)
	stmt : T_switch . stoppable T_lparen expr T_rparen T_lbrace inner_switch T_rbrace  (98)
	stoppable : .  (106)

	.  reduce 106

	stoppable  goto 95


state 46
	stmt : T_while . stoppable T_lparen expr T_rparen stmt  (94)
	stoppable : .  (106)

	.  reduce 106

	stoppable  goto 96


state 47
	write : T_WRITE .  (127)

	.  reduce 127


state 48
	write : T_WRITELN .  (128)

	.  reduce 128


state 49
	write : T_WRITESP .  (129)

	.  reduce 129


state 50
	write : T_WRITESPLN .  (130)

	.  reduce 130


state 51
	stmt : T_semicolon .  (87)

	.  reduce 87


state 52
	l_value : T_name . expr_list  (74)
	call : T_name . T_lparen T_rparen  (77)
	call : T_name . T_lparen expr expressions T_rparen  (78)
	expr_list : .  (75)

	T_lparen  shift 97
	T_lbracket  shift 98
	T_and  reduce 75
	T_case  reduce 75
	T_DOWNTO  reduce 75
	T_MOD  reduce 75
	T_or  reduce 75
	T_STEP  reduce 75
	T_TO  reduce 75
	T_eq  reduce 75
	T_rparen  reduce 75
	T_plus  reduce 75
	T_minus  reduce 75
	T_times  reduce 75
	T_equal  reduce 75
	T_greater  reduce 75
	T_less  reduce 75
	T_less_equal  reduce 75
	T_greater_equal  reduce 75
	T_not_equal  reduce 75
	T_mod  reduce 75
	T_mod_equal  reduce 75
	T_plus_equal  reduce 75
	T_minus_equal  reduce 75
	T_div_equal  reduce 75
	T_times_equal  reduce 75
	T_minus_minus  reduce 75
	T_plus_plus  reduce 75
	T_OR  reduce 75
	T_AND  reduce 75
	T_div  reduce 75
	T_semicolon  reduce 75
	T_colon  reduce 75
	T_comma  reduce 75
	T_rbracket  reduce 75

	expr_list  goto 99


state 53
	local_def : const_def .  (85)

	.  reduce 85


state 54
	local_def : var_def .  (86)

	.  reduce 86


state 55
	stmt : l_value . assign expr T_semicolon  (88)
	stmt : l_value . T_plus_plus T_semicolon  (89)
	stmt : l_value . T_minus_minus T_semicolon  (90)

	T_eq  shift 100
	T_mod_equal  shift 101
	T_plus_equal  shift 102
	T_minus_equal  shift 103
	T_div_equal  shift 104
	T_times_equal  shift 105
	T_minus_minus  shift 106
	T_plus_plus  shift 107
	.  error

	assign  goto 108


state 56
	stmt : call . T_semicolon  (91)

	T_semicolon  shift 109
	.  error


state 57
	block : T_lbrace inner_block . T_rbrace  (81)

	T_rbrace  shift 110
	.  error


state 58
	inner_block : local_def . inner_block  (83)
	openScope : .  (38)
	inner_block : .  (82)

	T_bool  shift 5
	T_break  shift 39
	T_char  shift 6
	T_const  shift 7
	T_continue  shift 40
	T_do  shift 41
	T_FOR  shift 42
	T_if  shift 43
	T_int  shift 9
	T_REAL  shift 11
	T_return  shift 44
	T_switch  shift 45
	T_while  shift 46
	T_WRITE  shift 47
	T_WRITELN  shift 48
	T_WRITESP  shift 49
	T_WRITESPLN  shift 50
	T_semicolon  shift 51
	T_name  shift 52
	T_lbrace  reduce 38
	T_rbrace  reduce 82

	const_def  goto 53
	var_def  goto 54
	ptype  goto 20
	l_value  goto 55
	call  goto 56
	inner_block  goto 111
	local_def  goto 58
	stmt  goto 59
	write  goto 60
	openScope  goto 61


state 59
	inner_block : stmt . inner_block  (84)
	openScope : .  (38)
	inner_block : .  (82)

	T_bool  shift 5
	T_break  shift 39
	T_char  shift 6
	T_const  shift 7
	T_continue  shift 40
	T_do  shift 41
	T_FOR  shift 42
	T_if  shift 43
	T_int  shift 9
	T_REAL  shift 11
	T_return  shift 44
	T_switch  shift 45
	T_while  shift 46
	T_WRITE  shift 47
	T_WRITELN  shift 48
	T_WRITESP  shift 49
	T_WRITESPLN  shift 50
	T_semicolon  shift 51
	T_name  shift 52
	T_lbrace  reduce 38
	T_rbrace  reduce 82

	const_def  goto 53
	var_def  goto 54
	ptype  goto 20
	l_value  goto 55
	call  goto 56
	inner_block  goto 112
	local_def  goto 58
	stmt  goto 59
	write  goto 60
	openScope  goto 61


state 60
	stmt : write . T_lparen T_rparen T_semicolon  (104)
	stmt : write . T_lparen pformat pformat_list T_rparen T_semicolon  (105)

	T_lparen  shift 113
	.  error


state 61
	stmt : openScope . block closeScope  (103)

	T_lbrace  shift 28
	.  error

	block  goto 114


state 62
	routine : routine_header block closeScope .  (35)

	.  reduce 35


state 63
	routine_header : routine_header_beg T_lparen routine_header_body . T_rparen  (21)

	T_rparen  shift 115
	.  error


state 64
	routine_header_body : ptype . formal routine_header_list  (23)

	T_ampersand  shift 116
	T_name  shift 117
	.  error

	formal  goto 118


state 65
	var_init : T_name T_eq . expr  (17)

	T_false  shift 80
	T_not  shift 81
	T_true  shift 82
	T_lparen  shift 83
	T_plus  shift 84
	T_minus  shift 85
	T_NOT  shift 86
	T_name  shift 52
	T_real_const  shift 88
	T_const_char  shift 89
	T_string_const  shift 90
	T_int_const  shift 91
	.  error

	expr  goto 119
	l_value  goto 93
	call  goto 94


state 66
	var_init_bra_list : T_lbracket . const_expr T_rbracket  (19)
	var_init_bra_list : T_lbracket . const_expr T_rbracket var_init_bra_list  (20)

	T_false  shift 80
	T_not  shift 81
	T_true  shift 82
	T_lparen  shift 83
	T_plus  shift 84
	T_minus  shift 85
	T_NOT  shift 86
	T_name  shift 52
	T_real_const  shift 88
	T_const_char  shift 89
	T_string_const  shift 90
	T_int_const  shift 91
	.  error

	const_expr  goto 120
	expr  goto 121
	l_value  goto 93
	call  goto 94


state 67
	var_init : T_name var_init_bra_list .  (18)

	.  reduce 18


state 68
	var_def_list : T_comma . var_init var_def_list  (15)

	T_name  shift 31
	.  error

	var_init  goto 122


state 69
	var_def : ptype var_init var_def_list . T_semicolon  (13)

	T_semicolon  shift 123
	.  error


state 70
	program_header : T_PROGRAM T_name . T_lparen T_rparen  (36)

	T_lparen  shift 124
	.  error


state 71
	program : openScope program_header block . closeScope  (37)
	closeScope : .  (39)

	.  reduce 39

	closeScope  goto 125


state 72
	const_inner_def : T_name T_eq . const_expr  (9)

	T_false  shift 80
	T_not  shift 81
	T_true  shift 82
	T_lparen  shift 83
	T_plus  shift 84
	T_minus  shift 85
	T_NOT  shift 86
	T_name  shift 52
	T_real_const  shift 88
	T_const_char  shift 89
	T_string_const  shift 90
	T_int_const  shift 91
	.  error

	const_expr  goto 126
	expr  goto 121
	l_value  goto 93
	call  goto 94


state 73
	const_def_list : T_comma . const_inner_def const_def_list  (12)

	T_name  shift 35
	.  error

	const_inner_def  goto 127


state 74
	const_def : T_const ptype const_inner_def const_def_list . T_semicolon  (10)

	T_semicolon  shift 128
	.  error


state 75
	stmt : T_break T_semicolon .  (99)

	.  reduce 99


state 76
	stmt : T_continue T_semicolon .  (100)

	.  reduce 100


state 77
	stmt : T_do stoppable . stmt T_while T_lparen expr T_rparen T_semicolon  (96)
	openScope : .  (38)

	T_break  shift 39
	T_continue  shift 40
	T_do  shift 41
	T_FOR  shift 42
	T_if  shift 43
	T_return  shift 44
	T_switch  shift 45
	T_while  shift 46
	T_WRITE  shift 47
	T_WRITELN  shift 48
	T_WRITESP  shift 49
	T_WRITESPLN  shift 50
	T_semicolon  shift 51
	T_name  shift 52
	T_lbrace  reduce 38

	l_value  goto 55
	call  goto 56
	stmt  goto 129
	write  goto 60
	openScope  goto 61


state 78
	stmt : T_FOR stoppable . T_lparen T_name T_comma range T_rparen stmt  (95)

	T_lparen  shift 130
	.  error


state 79
	stmt : T_if T_lparen . expr T_rparen stmt T_else stmt  (92)
	stmt : T_if T_lparen . expr T_rparen stmt  (93)

	T_false  shift 80
	T_not  shift 81
	T_true  shift 82
	T_lparen  shift 83
	T_plus  shift 84
	T_minus  shift 85
	T_NOT  shift 86
	T_name  shift 52
	T_real_const  shift 88
	T_const_char  shift 89
	T_string_const  shift 90
	T_int_const  shift 91
	.  error

	expr  goto 131
	l_value  goto 93
	call  goto 94


state 80
	expr : T_false .  (50)

	.  reduce 50


state 81
	expr : T_not . expr  (57)

	T_false  shift 80
	T_not  shift 81
	T_true  shift 82
	T_lparen  shift 83
	T_plus  shift 84
	T_minus  shift 85
	T_NOT  shift 86
	T_name  shift 52
	T_real_const  shift 88
	T_const_char  shift 89
	T_string_const  shift 90
	T_int_const  shift 91
	.  error

	expr  goto 132
	l_value  goto 93
	call  goto 94


state 82
	expr : T_true .  (49)

	.  reduce 49


state 83
	expr : T_lparen . expr T_rparen  (51)

	T_false  shift 80
	T_not  shift 81
	T_true  shift 82
	T_lparen  shift 83
	T_plus  shift 84
	T_minus  shift 85
	T_NOT  shift 86
	T_name  shift 52
	T_real_const  shift 88
	T_const_char  shift 89
	T_string_const  shift 90
	T_int_const  shift 91
	.  error

	expr  goto 133
	l_value  goto 93
	call  goto 94


state 84
	expr : T_plus . expr  (54)

	T_false  shift 80
	T_not  shift 81
	T_true  shift 82
	T_lparen  shift 83
	T_plus  shift 84
	T_minus  shift 85
	T_NOT  shift 86
	T_name  shift 52
	T_real_const  shift 88
	T_const_char  shift 89
	T_string_const  shift 90
	T_int_const  shift 91
	.  error

	expr  goto 134
	l_value  goto 93
	call  goto 94


state 85
	expr : T_minus . expr  (55)

	T_false  shift 80
	T_not  shift 81
	T_true  shift 82
	T_lparen  shift 83
	T_plus  shift 84
	T_minus  shift 85
	T_NOT  shift 86
	T_name  shift 52
	T_real_const  shift 88
	T_const_char  shift 89
	T_string_const  shift 90
	T_int_const  shift 91
	.  error

	expr  goto 135
	l_value  goto 93
	call  goto 94


state 86
	expr : T_NOT . expr  (56)

	T_false  shift 80
	T_not  shift 81
	T_true  shift 82
	T_lparen  shift 83
	T_plus  shift 84
	T_minus  shift 85
	T_NOT  shift 86
	T_name  shift 52
	T_real_const  shift 88
	T_const_char  shift 89
	T_string_const  shift 90
	T_int_const  shift 91
	.  error

	expr  goto 136
	l_value  goto 93
	call  goto 94


state 87
	stmt : T_return T_semicolon .  (101)

	.  reduce 101


state 88
	expr : T_real_const .  (46)

	.  reduce 46


state 89
	expr : T_const_char .  (47)

	.  reduce 47


state 90
	expr : T_string_const .  (48)

	.  reduce 48


state 91
	expr : T_int_const .  (45)

	.  reduce 45


state 92
	expr : expr . T_plus expr  (58)
	expr : expr . T_minus expr  (59)
	expr : expr . T_times expr  (60)
	expr : expr . T_div expr  (61)
	expr : expr . T_mod expr  (62)
	expr : expr . T_MOD expr  (63)
	expr : expr . T_equal expr  (64)
	expr : expr . T_not_equal expr  (65)
	expr : expr . T_greater expr  (66)
	expr : expr . T_less expr  (67)
	expr : expr . T_less_equal expr  (68)
	expr : expr . T_greater_equal expr  (69)
	expr : expr . T_and expr  (70)
	expr : expr . T_AND expr  (71)
	expr : expr . T_OR expr  (72)
	expr : expr . T_or expr  (73)
	stmt : T_return expr . T_semicolon  (102)

	T_and  shift 137
	T_MOD  shift 138
	T_or  shift 139
	T_plus  shift 140
	T_minus  shift 141
	T_times  shift 142
	T_equal  shift 143
	T_greater  shift 144
	T_less  shift 145
	T_less_equal  shift 146
	T_greater_equal  shift 147
	T_not_equal  shift 148
	T_mod  shift 149
	T_OR  shift 150
	T_AND  shift 151
	T_div  shift 152
	T_semicolon  shift 153
	.  error


state 93
	expr : l_value .  (52)

	.  reduce 52


state 94
	expr : call .  (53)

	.  reduce 53


state 95
	stmt : T_switch stoppable . T_lparen expr T_rparen T_lbrace inner_switch T_default T_colon clause T_rbrace  (97)
	stmt : T_switch stoppable . T_lparen expr T_rparen T_lbrace inner_switch T_rbrace  (98)

	T_lparen  shift 154
	.  error


state 96
	stmt : T_while stoppable . T_lparen expr T_rparen stmt  (94)

	T_lparen  shift 155
	.  error


state 97
	call : T_name T_lparen . T_rparen  (77)
	call : T_name T_lparen . expr expressions T_rparen  (78)

	T_false  shift 80
	T_not  shift 81
	T_true  shift 82
	T_lparen  shift 83
	T_rparen  shift 156
	T_plus  shift 84
	T_minus  shift 85
	T_NOT  shift 86
	T_name  shift 52
	T_real_const  shift 88
	T_const_char  shift 89
	T_string_const  shift 90
	T_int_const  shift 91
	.  error

	expr  goto 157
	l_value  goto 93
	call  goto 94


state 98
	expr_list : T_lbracket . expr T_rbracket expr_list  (76)

	T_false  shift 80
	T_not  shift 81
	T_true  shift 82
	T_lparen  shift 83
	T_plus  shift 84
	T_minus  shift 85
	T_NOT  shift 86
	T_name  shift 52
	T_real_const  shift 88
	T_const_char  shift 89
	T_string_const  shift 90
	T_int_const  shift 91
	.  error

	expr  goto 158
	l_value  goto 93
	call  goto 94


state 99
	l_value : T_name expr_list .  (74)

	.  reduce 74


state 100
	assign : T_eq .  (107)

	.  reduce 107


state 101
	assign : T_mod_equal .  (110)

	.  reduce 110


state 102
	assign : T_plus_equal .  (108)

	.  reduce 108


state 103
	assign : T_minus_equal .  (109)

	.  reduce 109


state 104
	assign : T_div_equal .  (111)

	.  reduce 111


state 105
	assign : T_times_equal .  (112)

	.  reduce 112


state 106
	stmt : l_value T_minus_minus . T_semicolon  (90)

	T_semicolon  shift 159
	.  error


state 107
	stmt : l_value T_plus_plus . T_semicolon  (89)

	T_semicolon  shift 160
	.  error


state 108
	stmt : l_value assign . expr T_semicolon  (88)

	T_false  shift 80
	T_not  shift 81
	T_true  shift 82
	T_lparen  shift 83
	T_plus  shift 84
	T_minus  shift 85
	T_NOT  shift 86
	T_name  shift 52
	T_real_const  shift 88
	T_const_char  shift 89
	T_string_const  shift 90
	T_int_const  shift 91
	.  error

	expr  goto 161
	l_value  goto 93
	call  goto 94


state 109
	stmt : call T_semicolon .  (91)

	.  reduce 91


state 110
	block : T_lbrace inner_block T_rbrace .  (81)

	.  reduce 81


state 111
	inner_block : local_def inner_block .  (83)

	.  reduce 83


state 112
	inner_block : stmt inner_block .  (84)

	.  reduce 84


state 113
	stmt : write T_lparen . T_rparen T_semicolon  (104)
	stmt : write T_lparen . pformat pformat_list T_rparen T_semicolon  (105)

	T_false  shift 80
	T_FORM  shift 162
	T_not  shift 81
	T_true  shift 82
	T_lparen  shift 83
	T_rparen  shift 163
	T_plus  shift 84
	T_minus  shift 85
	T_NOT  shift 86
	T_name  shift 52
	T_real_const  shift 88
	T_const_char  shift 89
	T_string_const  shift 90
	T_int_const  shift 91
	.  error

	expr  goto 164
	l_value  goto 93
	call  goto 94
	pformat  goto 165


state 114
	stmt : openScope block . closeScope  (103)
	closeScope : .  (39)

	.  reduce 39

	closeScope  goto 166


state 115
	routine_header : routine_header_beg T_lparen routine_header_body T_rparen .  (21)

	.  reduce 21


state 116
	formal : T_ampersand . T_name  (29)

	T_name  shift 167
	.  error


state 117
	formal : T_name .  (28)
	formal : T_name . T_lbracket const_expr T_rbracket formal_end  (30)
	formal : T_name . T_lbracket T_rbracket formal_end  (31)

	T_lbracket  shift 168
	T_rparen  reduce 28
	T_comma  reduce 28


state 118
	routine_header_body : ptype formal . routine_header_list  (23)
	routine_header_list : .  (24)

	T_comma  shift 169
	T_rparen  reduce 24

	routine_header_list  goto 170


state 119
	var_init : T_name T_eq expr .  (17)
	expr : expr . T_plus expr  (58)
	expr : expr . T_minus expr  (59)
	expr : expr . T_times expr  (60)
	expr : expr . T_div expr  (61)
	expr : expr . T_mod expr  (62)
	expr : expr . T_MOD expr  (63)
	expr : expr . T_equal expr  (64)
	expr : expr . T_not_equal expr  (65)
	expr : expr . T_greater expr  (66)
	expr : expr . T_less expr  (67)
	expr : expr . T_less_equal expr  (68)
	expr : expr . T_greater_equal expr  (69)
	expr : expr . T_and expr  (70)
	expr : expr . T_AND expr  (71)
	expr : expr . T_OR expr  (72)
	expr : expr . T_or expr  (73)

	T_and  shift 137
	T_MOD  shift 138
	T_or  shift 139
	T_plus  shift 140
	T_minus  shift 141
	T_times  shift 142
	T_equal  shift 143
	T_greater  shift 144
	T_less  shift 145
	T_less_equal  shift 146
	T_greater_equal  shift 147
	T_not_equal  shift 148
	T_mod  shift 149
	T_OR  shift 150
	T_AND  shift 151
	T_div  shift 152
	T_semicolon  reduce 17
	T_comma  reduce 17


state 120
	var_init_bra_list : T_lbracket const_expr . T_rbracket  (19)
	var_init_bra_list : T_lbracket const_expr . T_rbracket var_init_bra_list  (20)

	T_rbracket  shift 171
	.  error


state 121
	const_expr : expr .  (44)
	expr : expr . T_plus expr  (58)
	expr : expr . T_minus expr  (59)
	expr : expr . T_times expr  (60)
	expr : expr . T_div expr  (61)
	expr : expr . T_mod expr  (62)
	expr : expr . T_MOD expr  (63)
	expr : expr . T_equal expr  (64)
	expr : expr . T_not_equal expr  (65)
	expr : expr . T_greater expr  (66)
	expr : expr . T_less expr  (67)
	expr : expr . T_less_equal expr  (68)
	expr : expr . T_greater_equal expr  (69)
	expr : expr . T_and expr  (70)
	expr : expr . T_AND expr  (71)
	expr : expr . T_OR expr  (72)
	expr : expr . T_or expr  (73)

	T_and  shift 137
	T_MOD  shift 138
	T_or  shift 139
	T_plus  shift 140
	T_minus  shift 141
	T_times  shift 142
	T_equal  shift 143
	T_greater  shift 144
	T_less  shift 145
	T_less_equal  shift 146
	T_greater_equal  shift 147
	T_not_equal  shift 148
	T_mod  shift 149
	T_OR  shift 150
	T_AND  shift 151
	T_div  shift 152
	T_case  reduce 44
	T_semicolon  reduce 44
	T_colon  reduce 44
	T_comma  reduce 44
	T_rbracket  reduce 44


state 122
	var_def_list : T_comma var_init . var_def_list  (15)
	var_def_list : .  (14)

	T_comma  shift 68
	T_semicolon  reduce 14

	var_def_list  goto 172


state 123
	var_def : ptype var_init var_def_list T_semicolon .  (13)

	.  reduce 13


state 124
	program_header : T_PROGRAM T_name T_lparen . T_rparen  (36)

	T_rparen  shift 173
	.  error


state 125
	program : openScope program_header block closeScope .  (37)

	.  reduce 37


state 126
	const_inner_def : T_name T_eq const_expr .  (9)

	.  reduce 9


state 127
	const_def_list : T_comma const_inner_def . const_def_list  (12)
	const_def_list : .  (11)

	T_comma  shift 73
	T_semicolon  reduce 11

	const_def_list  goto 174


state 128
	const_def : T_const ptype const_inner_def const_def_list T_semicolon .  (10)

	.  reduce 10


state 129
	stmt : T_do stoppable stmt . T_while T_lparen expr T_rparen T_semicolon  (96)

	T_while  shift 175
	.  error


state 130
	stmt : T_FOR stoppable T_lparen . T_name T_comma range T_rparen stmt  (95)

	T_name  shift 176
	.  error


state 131
	expr : expr . T_plus expr  (58)
	expr : expr . T_minus expr  (59)
	expr : expr . T_times expr  (60)
	expr : expr . T_div expr  (61)
	expr : expr . T_mod expr  (62)
	expr : expr . T_MOD expr  (63)
	expr : expr . T_equal expr  (64)
	expr : expr . T_not_equal expr  (65)
	expr : expr . T_greater expr  (66)
	expr : expr . T_less expr  (67)
	expr : expr . T_less_equal expr  (68)
	expr : expr . T_greater_equal expr  (69)
	expr : expr . T_and expr  (70)
	expr : expr . T_AND expr  (71)
	expr : expr . T_OR expr  (72)
	expr : expr . T_or expr  (73)
	stmt : T_if T_lparen expr . T_rparen stmt T_else stmt  (92)
	stmt : T_if T_lparen expr . T_rparen stmt  (93)

	T_and  shift 137
	T_MOD  shift 138
	T_or  shift 139
	T_rparen  shift 177
	T_plus  shift 140
	T_minus  shift 141
	T_times  shift 142
	T_equal  shift 143
	T_greater  shift 144
	T_less  shift 145
	T_less_equal  shift 146
	T_greater_equal  shift 147
	T_not_equal  shift 148
	T_mod  shift 149
	T_OR  shift 150
	T_AND  shift 151
	T_div  shift 152
	.  error


state 132
	expr : T_not expr .  (57)
	expr : expr . T_plus expr  (58)
	expr : expr . T_minus expr  (59)
	expr : expr . T_times expr  (60)
	expr : expr . T_div expr  (61)
	expr : expr . T_mod expr  (62)
	expr : expr . T_MOD expr  (63)
	expr : expr . T_equal expr  (64)
	expr : expr . T_not_equal expr  (65)
	expr : expr . T_greater expr  (66)
	expr : expr . T_less expr  (67)
	expr : expr . T_less_equal expr  (68)
	expr : expr . T_greater_equal expr  (69)
	expr : expr . T_and expr  (70)
	expr : expr . T_AND expr  (71)
	expr : expr . T_OR expr  (72)
	expr : expr . T_or expr  (73)

	.  reduce 57


state 133
	expr : T_lparen expr . T_rparen  (51)
	expr : expr . T_plus expr  (58)
	expr : expr . T_minus expr  (59)
	expr : expr . T_times expr  (60)
	expr : expr . T_div expr  (61)
	expr : expr . T_mod expr  (62)
	expr : expr . T_MOD expr  (63)
	expr : expr . T_equal expr  (64)
	expr : expr . T_not_equal expr  (65)
	expr : expr . T_greater expr  (66)
	expr : expr . T_less expr  (67)
	expr : expr . T_less_equal expr  (68)
	expr : expr . T_greater_equal expr  (69)
	expr : expr . T_and expr  (70)
	expr : expr . T_AND expr  (71)
	expr : expr . T_OR expr  (72)
	expr : expr . T_or expr  (73)

	T_and  shift 137
	T_MOD  shift 138
	T_or  shift 139
	T_rparen  shift 178
	T_plus  shift 140
	T_minus  shift 141
	T_times  shift 142
	T_equal  shift 143
	T_greater  shift 144
	T_less  shift 145
	T_less_equal  shift 146
	T_greater_equal  shift 147
	T_not_equal  shift 148
	T_mod  shift 149
	T_OR  shift 150
	T_AND  shift 151
	T_div  shift 152
	.  error


state 134
	expr : T_plus expr .  (54)
	expr : expr . T_plus expr  (58)
	expr : expr . T_minus expr  (59)
	expr : expr . T_times expr  (60)
	expr : expr . T_div expr  (61)
	expr : expr . T_mod expr  (62)
	expr : expr . T_MOD expr  (63)
	expr : expr . T_equal expr  (64)
	expr : expr . T_not_equal expr  (65)
	expr : expr . T_greater expr  (66)
	expr : expr . T_less expr  (67)
	expr : expr . T_less_equal expr  (68)
	expr : expr . T_greater_equal expr  (69)
	expr : expr . T_and expr  (70)
	expr : expr . T_AND expr  (71)
	expr : expr . T_OR expr  (72)
	expr : expr . T_or expr  (73)

	T_and  shift 137
	T_MOD  shift 138
	T_times  shift 142
	T_mod  shift 149
	T_AND  shift 151
	T_div  shift 152
	T_case  reduce 54
	T_DOWNTO  reduce 54
	T_or  reduce 54
	T_STEP  reduce 54
	T_TO  reduce 54
	T_rparen  reduce 54
	T_plus  reduce 54
	T_minus  reduce 54
	T_equal  reduce 54
	T_greater  reduce 54
	T_less  reduce 54
	T_less_equal  reduce 54
	T_greater_equal  reduce 54
	T_not_equal  reduce 54
	T_OR  reduce 54
	T_semicolon  reduce 54
	T_colon  reduce 54
	T_comma  reduce 54
	T_rbracket  reduce 54


state 135
	expr : T_minus expr .  (55)
	expr : expr . T_plus expr  (58)
	expr : expr . T_minus expr  (59)
	expr : expr . T_times expr  (60)
	expr : expr . T_div expr  (61)
	expr : expr . T_mod expr  (62)
	expr : expr . T_MOD expr  (63)
	expr : expr . T_equal expr  (64)
	expr : expr . T_not_equal expr  (65)
	expr : expr . T_greater expr  (66)
	expr : expr . T_less expr  (67)
	expr : expr . T_less_equal expr  (68)
	expr : expr . T_greater_equal expr  (69)
	expr : expr . T_and expr  (70)
	expr : expr . T_AND expr  (71)
	expr : expr . T_OR expr  (72)
	expr : expr . T_or expr  (73)

	T_and  shift 137
	T_MOD  shift 138
	T_times  shift 142
	T_mod  shift 149
	T_AND  shift 151
	T_div  shift 152
	T_case  reduce 55
	T_DOWNTO  reduce 55
	T_or  reduce 55
	T_STEP  reduce 55
	T_TO  reduce 55
	T_rparen  reduce 55
	T_plus  reduce 55
	T_minus  reduce 55
	T_equal  reduce 55
	T_greater  reduce 55
	T_less  reduce 55
	T_less_equal  reduce 55
	T_greater_equal  reduce 55
	T_not_equal  reduce 55
	T_OR  reduce 55
	T_semicolon  reduce 55
	T_colon  reduce 55
	T_comma  reduce 55
	T_rbracket  reduce 55


state 136
	expr : T_NOT expr .  (56)
	expr : expr . T_plus expr  (58)
	expr : expr . T_minus expr  (59)
	expr : expr . T_times expr  (60)
	expr : expr . T_div expr  (61)
	expr : expr . T_mod expr  (62)
	expr : expr . T_MOD expr  (63)
	expr : expr . T_equal expr  (64)
	expr : expr . T_not_equal expr  (65)
	expr : expr . T_greater expr  (66)
	expr : expr . T_less expr  (67)
	expr : expr . T_less_equal expr  (68)
	expr : expr . T_greater_equal expr  (69)
	expr : expr . T_and expr  (70)
	expr : expr . T_AND expr  (71)
	expr : expr . T_OR expr  (72)
	expr : expr . T_or expr  (73)

	.  reduce 56


state 137
	expr : expr T_and . expr  (70)

	T_false  shift 80
	T_not  shift 81
	T_true  shift 82
	T_lparen  shift 83
	T_plus  shift 84
	T_minus  shift 85
	T_NOT  shift 86
	T_name  shift 52
	T_real_const  shift 88
	T_const_char  shift 89
	T_string_const  shift 90
	T_int_const  shift 91
	.  error

	expr  goto 179
	l_value  goto 93
	call  goto 94


state 138
	expr : expr T_MOD . expr  (63)

	T_false  shift 80
	T_not  shift 81
	T_true  shift 82
	T_lparen  shift 83
	T_plus  shift 84
	T_minus  shift 85
	T_NOT  shift 86
	T_name  shift 52
	T_real_const  shift 88
	T_const_char  shift 89
	T_string_const  shift 90
	T_int_const  shift 91
	.  error

	expr  goto 180
	l_value  goto 93
	call  goto 94


state 139
	expr : expr T_or . expr  (73)

	T_false  shift 80
	T_not  shift 81
	T_true  shift 82
	T_lparen  shift 83
	T_plus  shift 84
	T_minus  shift 85
	T_NOT  shift 86
	T_name  shift 52
	T_real_const  shift 88
	T_const_char  shift 89
	T_string_const  shift 90
	T_int_const  shift 91
	.  error

	expr  goto 181
	l_value  goto 93
	call  goto 94


state 140
	expr : expr T_plus . expr  (58)

	T_false  shift 80
	T_not  shift 81
	T_true  shift 82
	T_lparen  shift 83
	T_plus  shift 84
	T_minus  shift 85
	T_NOT  shift 86
	T_name  shift 52
	T_real_const  shift 88
	T_const_char  shift 89
	T_string_const  shift 90
	T_int_const  shift 91
	.  error

	expr  goto 182
	l_value  goto 93
	call  goto 94


state 141
	expr : expr T_minus . expr  (59)

	T_false  shift 80
	T_not  shift 81
	T_true  shift 82
	T_lparen  shift 83
	T_plus  shift 84
	T_minus  shift 85
	T_NOT  shift 86
	T_name  shift 52
	T_real_const  shift 88
	T_const_char  shift 89
	T_string_const  shift 90
	T_int_const  shift 91
	.  error

	expr  goto 183
	l_value  goto 93
	call  goto 94


state 142
	expr : expr T_times . expr  (60)

	T_false  shift 80
	T_not  shift 81
	T_true  shift 82
	T_lparen  shift 83
	T_plus  shift 84
	T_minus  shift 85
	T_NOT  shift 86
	T_name  shift 52
	T_real_const  shift 88
	T_const_char  shift 89
	T_string_const  shift 90
	T_int_const  shift 91
	.  error

	expr  goto 184
	l_value  goto 93
	call  goto 94


state 143
	expr : expr T_equal . expr  (64)

	T_false  shift 80
	T_not  shift 81
	T_true  shift 82
	T_lparen  shift 83
	T_plus  shift 84
	T_minus  shift 85
	T_NOT  shift 86
	T_name  shift 52
	T_real_const  shift 88
	T_const_char  shift 89
	T_string_const  shift 90
	T_int_const  shift 91
	.  error

	expr  goto 185
	l_value  goto 93
	call  goto 94


state 144
	expr : expr T_greater . expr  (66)

	T_false  shift 80
	T_not  shift 81
	T_true  shift 82
	T_lparen  shift 83
	T_plus  shift 84
	T_minus  shift 85
	T_NOT  shift 86
	T_name  shift 52
	T_real_const  shift 88
	T_const_char  shift 89
	T_string_const  shift 90
	T_int_const  shift 91
	.  error

	expr  goto 186
	l_value  goto 93
	call  goto 94


state 145
	expr : expr T_less . expr  (67)

	T_false  shift 80
	T_not  shift 81
	T_true  shift 82
	T_lparen  shift 83
	T_plus  shift 84
	T_minus  shift 85
	T_NOT  shift 86
	T_name  shift 52
	T_real_const  shift 88
	T_const_char  shift 89
	T_string_const  shift 90
	T_int_const  shift 91
	.  error

	expr  goto 187
	l_value  goto 93
	call  goto 94


state 146
	expr : expr T_less_equal . expr  (68)

	T_false  shift 80
	T_not  shift 81
	T_true  shift 82
	T_lparen  shift 83
	T_plus  shift 84
	T_minus  shift 85
	T_NOT  shift 86
	T_name  shift 52
	T_real_const  shift 88
	T_const_char  shift 89
	T_string_const  shift 90
	T_int_const  shift 91
	.  error

	expr  goto 188
	l_value  goto 93
	call  goto 94


state 147
	expr : expr T_greater_equal . expr  (69)

	T_false  shift 80
	T_not  shift 81
	T_true  shift 82
	T_lparen  shift 83
	T_plus  shift 84
	T_minus  shift 85
	T_NOT  shift 86
	T_name  shift 52
	T_real_const  shift 88
	T_const_char  shift 89
	T_string_const  shift 90
	T_int_const  shift 91
	.  error

	expr  goto 189
	l_value  goto 93
	call  goto 94


state 148
	expr : expr T_not_equal . expr  (65)

	T_false  shift 80
	T_not  shift 81
	T_true  shift 82
	T_lparen  shift 83
	T_plus  shift 84
	T_minus  shift 85
	T_NOT  shift 86
	T_name  shift 52
	T_real_const  shift 88
	T_const_char  shift 89
	T_string_const  shift 90
	T_int_const  shift 91
	.  error

	expr  goto 190
	l_value  goto 93
	call  goto 94


state 149
	expr : expr T_mod . expr  (62)

	T_false  shift 80
	T_not  shift 81
	T_true  shift 82
	T_lparen  shift 83
	T_plus  shift 84
	T_minus  shift 85
	T_NOT  shift 86
	T_name  shift 52
	T_real_const  shift 88
	T_const_char  shift 89
	T_string_const  shift 90
	T_int_const  shift 91
	.  error

	expr  goto 191
	l_value  goto 93
	call  goto 94


state 150
	expr : expr T_OR . expr  (72)

	T_false  shift 80
	T_not  shift 81
	T_true  shift 82
	T_lparen  shift 83
	T_plus  shift 84
	T_minus  shift 85
	T_NOT  shift 86
	T_name  shift 52
	T_real_const  shift 88
	T_const_char  shift 89
	T_string_const  shift 90
	T_int_const  shift 91
	.  error

	expr  goto 192
	l_value  goto 93
	call  goto 94


state 151
	expr : expr T_AND . expr  (71)

	T_false  shift 80
	T_not  shift 81
	T_true  shift 82
	T_lparen  shift 83
	T_plus  shift 84
	T_minus  shift 85
	T_NOT  shift 86
	T_name  shift 52
	T_real_const  shift 88
	T_const_char  shift 89
	T_string_const  shift 90
	T_int_const  shift 91
	.  error

	expr  goto 193
	l_value  goto 93
	call  goto 94


state 152
	expr : expr T_div . expr  (61)

	T_false  shift 80
	T_not  shift 81
	T_true  shift 82
	T_lparen  shift 83
	T_plus  shift 84
	T_minus  shift 85
	T_NOT  shift 86
	T_name  shift 52
	T_real_const  shift 88
	T_const_char  shift 89
	T_string_const  shift 90
	T_int_const  shift 91
	.  error

	expr  goto 194
	l_value  goto 93
	call  goto 94


state 153
	stmt : T_return expr T_semicolon .  (102)

	.  reduce 102


state 154
	stmt : T_switch stoppable T_lparen . expr T_rparen T_lbrace inner_switch T_default T_colon clause T_rbrace  (97)
	stmt : T_switch stoppable T_lparen . expr T_rparen T_lbrace inner_switch T_rbrace  (98)

	T_false  shift 80
	T_not  shift 81
	T_true  shift 82
	T_lparen  shift 83
	T_plus  shift 84
	T_minus  shift 85
	T_NOT  shift 86
	T_name  shift 52
	T_real_const  shift 88
	T_const_char  shift 89
	T_string_const  shift 90
	T_int_const  shift 91
	.  error

	expr  goto 195
	l_value  goto 93
	call  goto 94


state 155
	stmt : T_while stoppable T_lparen . expr T_rparen stmt  (94)

	T_false  shift 80
	T_not  shift 81
	T_true  shift 82
	T_lparen  shift 83
	T_plus  shift 84
	T_minus  shift 85
	T_NOT  shift 86
	T_name  shift 52
	T_real_const  shift 88
	T_const_char  shift 89
	T_string_const  shift 90
	T_int_const  shift 91
	.  error

	expr  goto 196
	l_value  goto 93
	call  goto 94


state 156
	call : T_name T_lparen T_rparen .  (77)

	.  reduce 77


state 157
	expr : expr . T_plus expr  (58)
	expr : expr . T_minus expr  (59)
	expr : expr . T_times expr  (60)
	expr : expr . T_div expr  (61)
	expr : expr . T_mod expr  (62)
	expr : expr . T_MOD expr  (63)
	expr : expr . T_equal expr  (64)
	expr : expr . T_not_equal expr  (65)
	expr : expr . T_greater expr  (66)
	expr : expr . T_less expr  (67)
	expr : expr . T_less_equal expr  (68)
	expr : expr . T_greater_equal expr  (69)
	expr : expr . T_and expr  (70)
	expr : expr . T_AND expr  (71)
	expr : expr . T_OR expr  (72)
	expr : expr . T_or expr  (73)
	call : T_name T_lparen expr . expressions T_rparen  (78)
	expressions : .  (79)

	T_and  shift 137
	T_MOD  shift 138
	T_or  shift 139
	T_plus  shift 140
	T_minus  shift 141
	T_times  shift 142
	T_equal  shift 143
	T_greater  shift 144
	T_less  shift 145
	T_less_equal  shift 146
	T_greater_equal  shift 147
	T_not_equal  shift 148
	T_mod  shift 149
	T_OR  shift 150
	T_AND  shift 151
	T_div  shift 152
	T_comma  shift 197
	T_rparen  reduce 79

	expressions  goto 198


state 158
	expr : expr . T_plus expr  (58)
	expr : expr . T_minus expr  (59)
	expr : expr . T_times expr  (60)
	expr : expr . T_div expr  (61)
	expr : expr . T_mod expr  (62)
	expr : expr . T_MOD expr  (63)
	expr : expr . T_equal expr  (64)
	expr : expr . T_not_equal expr  (65)
	expr : expr . T_greater expr  (66)
	expr : expr . T_less expr  (67)
	expr : expr . T_less_equal expr  (68)
	expr : expr . T_greater_equal expr  (69)
	expr : expr . T_and expr  (70)
	expr : expr . T_AND expr  (71)
	expr : expr . T_OR expr  (72)
	expr : expr . T_or expr  (73)
	expr_list : T_lbracket expr . T_rbracket expr_list  (76)

	T_and  shift 137
	T_MOD  shift 138
	T_or  shift 139
	T_plus  shift 140
	T_minus  shift 141
	T_times  shift 142
	T_equal  shift 143
	T_greater  shift 144
	T_less  shift 145
	T_less_equal  shift 146
	T_greater_equal  shift 147
	T_not_equal  shift 148
	T_mod  shift 149
	T_OR  shift 150
	T_AND  shift 151
	T_div  shift 152
	T_rbracket  shift 199
	.  error


state 159
	stmt : l_value T_minus_minus T_semicolon .  (90)

	.  reduce 90


state 160
	stmt : l_value T_plus_plus T_semicolon .  (89)

	.  reduce 89


state 161
	expr : expr . T_plus expr  (58)
	expr : expr . T_minus expr  (59)
	expr : expr . T_times expr  (60)
	expr : expr . T_div expr  (61)
	expr : expr . T_mod expr  (62)
	expr : expr . T_MOD expr  (63)
	expr : expr . T_equal expr  (64)
	expr : expr . T_not_equal expr  (65)
	expr : expr . T_greater expr  (66)
	expr : expr . T_less expr  (67)
	expr : expr . T_less_equal expr  (68)
	expr : expr . T_greater_equal expr  (69)
	expr : expr . T_and expr  (70)
	expr : expr . T_AND expr  (71)
	expr : expr . T_OR expr  (72)
	expr : expr . T_or expr  (73)
	stmt : l_value assign expr . T_semicolon  (88)

	T_and  shift 137
	T_MOD  shift 138
	T_or  shift 139
	T_plus  shift 140
	T_minus  shift 141
	T_times  shift 142
	T_equal  shift 143
	T_greater  shift 144
	T_less  shift 145
	T_less_equal  shift 146
	T_greater_equal  shift 147
	T_not_equal  shift 148
	T_mod  shift 149
	T_OR  shift 150
	T_AND  shift 151
	T_div  shift 152
	T_semicolon  shift 200
	.  error


state 162
	pformat : T_FORM . T_lparen expr T_comma expr T_rparen  (132)
	pformat : T_FORM . T_lparen expr T_comma expr T_comma expr T_rparen  (133)

	T_lparen  shift 201
	.  error


state 163
	stmt : write T_lparen T_rparen . T_semicolon  (104)

	T_semicolon  shift 202
	.  error


state 164
	expr : expr . T_plus expr  (58)
	expr : expr . T_minus expr  (59)
	expr : expr . T_times expr  (60)
	expr : expr . T_div expr  (61)
	expr : expr . T_mod expr  (62)
	expr : expr . T_MOD expr  (63)
	expr : expr . T_equal expr  (64)
	expr : expr . T_not_equal expr  (65)
	expr : expr . T_greater expr  (66)
	expr : expr . T_less expr  (67)
	expr : expr . T_less_equal expr  (68)
	expr : expr . T_greater_equal expr  (69)
	expr : expr . T_and expr  (70)
	expr : expr . T_AND expr  (71)
	expr : expr . T_OR expr  (72)
	expr : expr . T_or expr  (73)
	pformat : expr .  (131)

	T_and  shift 137
	T_MOD  shift 138
	T_or  shift 139
	T_plus  shift 140
	T_minus  shift 141
	T_times  shift 142
	T_equal  shift 143
	T_greater  shift 144
	T_less  shift 145
	T_less_equal  shift 146
	T_greater_equal  shift 147
	T_not_equal  shift 148
	T_mod  shift 149
	T_OR  shift 150
	T_AND  shift 151
	T_div  shift 152
	T_rparen  reduce 131
	T_comma  reduce 131


state 165
	stmt : write T_lparen pformat . pformat_list T_rparen T_semicolon  (105)
	pformat_list : .  (125)

	T_comma  shift 203
	T_rparen  reduce 125

	pformat_list  goto 204


state 166
	stmt : openScope block closeScope .  (103)

	.  reduce 103


state 167
	formal : T_ampersand T_name .  (29)

	.  reduce 29


state 168
	formal : T_name T_lbracket . const_expr T_rbracket formal_end  (30)
	formal : T_name T_lbracket . T_rbracket formal_end  (31)

	T_false  shift 80
	T_not  shift 81
	T_true  shift 82
	T_lparen  shift 83
	T_plus  shift 84
	T_minus  shift 85
	T_NOT  shift 86
	T_rbracket  shift 205
	T_name  shift 52
	T_real_const  shift 88
	T_const_char  shift 89
	T_string_const  shift 90
	T_int_const  shift 91
	.  error

	const_expr  goto 206
	expr  goto 121
	l_value  goto 93
	call  goto 94


state 169
	routine_header_list : T_comma . ptype formal routine_header_list  (25)

	T_bool  shift 5
	T_char  shift 6
	T_int  shift 9
	T_REAL  shift 11
	.  error

	ptype  goto 207


state 170
	routine_header_body : ptype formal routine_header_list .  (23)

	.  reduce 23


state 171
	var_init_bra_list : T_lbracket const_expr T_rbracket .  (19)
	var_init_bra_list : T_lbracket const_expr T_rbracket . var_init_bra_list  (20)

	T_lbracket  shift 66
	T_semicolon  reduce 19
	T_comma  reduce 19

	var_init_bra_list  goto 208


state 172
	var_def_list : T_comma var_init var_def_list .  (15)

	.  reduce 15


state 173
	program_header : T_PROGRAM T_name T_lparen T_rparen .  (36)

	.  reduce 36


state 174
	const_def_list : T_comma const_inner_def const_def_list .  (12)

	.  reduce 12


state 175
	stmt : T_do stoppable stmt T_while . T_lparen expr T_rparen T_semicolon  (96)

	T_lparen  shift 209
	.  error


state 176
	stmt : T_FOR stoppable T_lparen T_name . T_comma range T_rparen stmt  (95)

	T_comma  shift 210
	.  error


state 177
	stmt : T_if T_lparen expr T_rparen . stmt T_else stmt  (92)
	stmt : T_if T_lparen expr T_rparen . stmt  (93)
	openScope : .  (38)

	T_break  shift 39
	T_continue  shift 40
	T_do  shift 41
	T_FOR  shift 42
	T_if  shift 43
	T_return  shift 44
	T_switch  shift 45
	T_while  shift 46
	T_WRITE  shift 47
	T_WRITELN  shift 48
	T_WRITESP  shift 49
	T_WRITESPLN  shift 50
	T_semicolon  shift 51
	T_name  shift 52
	T_lbrace  reduce 38

	l_value  goto 55
	call  goto 56
	stmt  goto 211
	write  goto 60
	openScope  goto 61


state 178
	expr : T_lparen expr T_rparen .  (51)

	.  reduce 51


state 179
	expr : expr . T_plus expr  (58)
	expr : expr . T_minus expr  (59)
	expr : expr . T_times expr  (60)
	expr : expr . T_div expr  (61)
	expr : expr . T_mod expr  (62)
	expr : expr . T_MOD expr  (63)
	expr : expr . T_equal expr  (64)
	expr : expr . T_not_equal expr  (65)
	expr : expr . T_greater expr  (66)
	expr : expr . T_less expr  (67)
	expr : expr . T_less_equal expr  (68)
	expr : expr . T_greater_equal expr  (69)
	expr : expr . T_and expr  (70)
	expr : expr T_and expr .  (70)
	expr : expr . T_AND expr  (71)
	expr : expr . T_OR expr  (72)
	expr : expr . T_or expr  (73)

	.  reduce 70


state 180
	expr : expr . T_plus expr  (58)
	expr : expr . T_minus expr  (59)
	expr : expr . T_times expr  (60)
	expr : expr . T_div expr  (61)
	expr : expr . T_mod expr  (62)
	expr : expr . T_MOD expr  (63)
	expr : expr T_MOD expr .  (63)
	expr : expr . T_equal expr  (64)
	expr : expr . T_not_equal expr  (65)
	expr : expr . T_greater expr  (66)
	expr : expr . T_less expr  (67)
	expr : expr . T_less_equal expr  (68)
	expr : expr . T_greater_equal expr  (69)
	expr : expr . T_and expr  (70)
	expr : expr . T_AND expr  (71)
	expr : expr . T_OR expr  (72)
	expr : expr . T_or expr  (73)

	.  reduce 63


state 181
	expr : expr . T_plus expr  (58)
	expr : expr . T_minus expr  (59)
	expr : expr . T_times expr  (60)
	expr : expr . T_div expr  (61)
	expr : expr . T_mod expr  (62)
	expr : expr . T_MOD expr  (63)
	expr : expr . T_equal expr  (64)
	expr : expr . T_not_equal expr  (65)
	expr : expr . T_greater expr  (66)
	expr : expr . T_less expr  (67)
	expr : expr . T_less_equal expr  (68)
	expr : expr . T_greater_equal expr  (69)
	expr : expr . T_and expr  (70)
	expr : expr . T_AND expr  (71)
	expr : expr . T_OR expr  (72)
	expr : expr . T_or expr  (73)
	expr : expr T_or expr .  (73)

	T_and  shift 137
	T_MOD  shift 138
	T_times  shift 142
	T_mod  shift 149
	T_AND  shift 151
	T_div  shift 152
	T_case  reduce 73
	T_DOWNTO  reduce 73
	T_or  reduce 73
	T_STEP  reduce 73
	T_TO  reduce 73
	T_rparen  reduce 73
	T_plus  reduce 73
	T_minus  reduce 73
	T_equal  reduce 73
	T_greater  reduce 73
	T_less  reduce 73
	T_less_equal  reduce 73
	T_greater_equal  reduce 73
	T_not_equal  reduce 73
	T_OR  reduce 73
	T_semicolon  reduce 73
	T_colon  reduce 73
	T_comma  reduce 73
	T_rbracket  reduce 73


state 182
	expr : expr . T_plus expr  (58)
	expr : expr T_plus expr .  (58)
	expr : expr . T_minus expr  (59)
	expr : expr . T_times expr  (60)
	expr : expr . T_div expr  (61)
	expr : expr . T_mod expr  (62)
	expr : expr . T_MOD expr  (63)
	expr : expr . T_equal expr  (64)
	expr : expr . T_not_equal expr  (65)
	expr : expr . T_greater expr  (66)
	expr : expr . T_less expr  (67)
	expr : expr . T_less_equal expr  (68)
	expr : expr . T_greater_equal expr  (69)
	expr : expr . T_and expr  (70)
	expr : expr . T_AND expr  (71)
	expr : expr . T_OR expr  (72)
	expr : expr . T_or expr  (73)

	T_and  shift 137
	T_MOD  shift 138
	T_times  shift 142
	T_mod  shift 149
	T_AND  shift 151
	T_div  shift 152
	T_case  reduce 58
	T_DOWNTO  reduce 58
	T_or  reduce 58
	T_STEP  reduce 58
	T_TO  reduce 58
	T_rparen  reduce 58
	T_plus  reduce 58
	T_minus  reduce 58
	T_equal  reduce 58
	T_greater  reduce 58
	T_less  reduce 58
	T_less_equal  reduce 58
	T_greater_equal  reduce 58
	T_not_equal  reduce 58
	T_OR  reduce 58
	T_semicolon  reduce 58
	T_colon  reduce 58
	T_comma  reduce 58
	T_rbracket  reduce 58


state 183
	expr : expr . T_plus expr  (58)
	expr : expr . T_minus expr  (59)
	expr : expr T_minus expr .  (59)
	expr : expr . T_times expr  (60)
	expr : expr . T_div expr  (61)
	expr : expr . T_mod expr  (62)
	expr : expr . T_MOD expr  (63)
	expr : expr . T_equal expr  (64)
	expr : expr . T_not_equal expr  (65)
	expr : expr . T_greater expr  (66)
	expr : expr . T_less expr  (67)
	expr : expr . T_less_equal expr  (68)
	expr : expr . T_greater_equal expr  (69)
	expr : expr . T_and expr  (70)
	expr : expr . T_AND expr  (71)
	expr : expr . T_OR expr  (72)
	expr : expr . T_or expr  (73)

	T_and  shift 137
	T_MOD  shift 138
	T_times  shift 142
	T_mod  shift 149
	T_AND  shift 151
	T_div  shift 152
	T_case  reduce 59
	T_DOWNTO  reduce 59
	T_or  reduce 59
	T_STEP  reduce 59
	T_TO  reduce 59
	T_rparen  reduce 59
	T_plus  reduce 59
	T_minus  reduce 59
	T_equal  reduce 59
	T_greater  reduce 59
	T_less  reduce 59
	T_less_equal  reduce 59
	T_greater_equal  reduce 59
	T_not_equal  reduce 59
	T_OR  reduce 59
	T_semicolon  reduce 59
	T_colon  reduce 59
	T_comma  reduce 59
	T_rbracket  reduce 59


state 184
	expr : expr . T_plus expr  (58)
	expr : expr . T_minus expr  (59)
	expr : expr . T_times expr  (60)
	expr : expr T_times expr .  (60)
	expr : expr . T_div expr  (61)
	expr : expr . T_mod expr  (62)
	expr : expr . T_MOD expr  (63)
	expr : expr . T_equal expr  (64)
	expr : expr . T_not_equal expr  (65)
	expr : expr . T_greater expr  (66)
	expr : expr . T_less expr  (67)
	expr : expr . T_less_equal expr  (68)
	expr : expr . T_greater_equal expr  (69)
	expr : expr . T_and expr  (70)
	expr : expr . T_AND expr  (71)
	expr : expr . T_OR expr  (72)
	expr : expr . T_or expr  (73)

	.  reduce 60


state 185
	expr : expr . T_plus expr  (58)
	expr : expr . T_minus expr  (59)
	expr : expr . T_times expr  (60)
	expr : expr . T_div expr  (61)
	expr : expr . T_mod expr  (62)
	expr : expr . T_MOD expr  (63)
	expr : expr . T_equal expr  (64)
	expr : expr T_equal expr .  (64)
	expr : expr . T_not_equal expr  (65)
	expr : expr . T_greater expr  (66)
	expr : expr . T_less expr  (67)
	expr : expr . T_less_equal expr  (68)
	expr : expr . T_greater_equal expr  (69)
	expr : expr . T_and expr  (70)
	expr : expr . T_AND expr  (71)
	expr : expr . T_OR expr  (72)
	expr : expr . T_or expr  (73)

	T_and  shift 137
	T_MOD  shift 138
	T_or  shift 139
	T_plus  shift 140
	T_minus  shift 141
	T_times  shift 142
	T_mod  shift 149
	T_OR  shift 150
	T_AND  shift 151
	T_div  shift 152
	T_case  reduce 64
	T_DOWNTO  reduce 64
	T_STEP  reduce 64
	T_TO  reduce 64
	T_rparen  reduce 64
	T_equal  reduce 64
	T_greater  reduce 64
	T_less  reduce 64
	T_less_equal  reduce 64
	T_greater_equal  reduce 64
	T_not_equal  reduce 64
	T_semicolon  reduce 64
	T_colon  reduce 64
	T_comma  reduce 64
	T_rbracket  reduce 64


state 186
	expr : expr . T_plus expr  (58)
	expr : expr . T_minus expr  (59)
	expr : expr . T_times expr  (60)
	expr : expr . T_div expr  (61)
	expr : expr . T_mod expr  (62)
	expr : expr . T_MOD expr  (63)
	expr : expr . T_equal expr  (64)
	expr : expr . T_not_equal expr  (65)
	expr : expr . T_greater expr  (66)
	expr : expr T_greater expr .  (66)
	expr : expr . T_less expr  (67)
	expr : expr . T_less_equal expr  (68)
	expr : expr . T_greater_equal expr  (69)
	expr : expr . T_and expr  (70)
	expr : expr . T_AND expr  (71)
	expr : expr . T_OR expr  (72)
	expr : expr . T_or expr  (73)

	T_and  shift 137
	T_MOD  shift 138
	T_or  shift 139
	T_plus  shift 140
	T_minus  shift 141
	T_times  shift 142
	T_mod  shift 149
	T_OR  shift 150
	T_AND  shift 151
	T_div  shift 152
	T_case  reduce 66
	T_DOWNTO  reduce 66
	T_STEP  reduce 66
	T_TO  reduce 66
	T_rparen  reduce 66
	T_equal  reduce 66
	T_greater  reduce 66
	T_less  reduce 66
	T_less_equal  reduce 66
	T_greater_equal  reduce 66
	T_not_equal  reduce 66
	T_semicolon  reduce 66
	T_colon  reduce 66
	T_comma  reduce 66
	T_rbracket  reduce 66


state 187
	expr : expr . T_plus expr  (58)
	expr : expr . T_minus expr  (59)
	expr : expr . T_times expr  (60)
	expr : expr . T_div expr  (61)
	expr : expr . T_mod expr  (62)
	expr : expr . T_MOD expr  (63)
	expr : expr . T_equal expr  (64)
	expr : expr . T_not_equal expr  (65)
	expr : expr . T_greater expr  (66)
	expr : expr . T_less expr  (67)
	expr : expr T_less expr .  (67)
	expr : expr . T_less_equal expr  (68)
	expr : expr . T_greater_equal expr  (69)
	expr : expr . T_and expr  (70)
	expr : expr . T_AND expr  (71)
	expr : expr . T_OR expr  (72)
	expr : expr . T_or expr  (73)

	T_and  shift 137
	T_MOD  shift 138
	T_or  shift 139
	T_plus  shift 140
	T_minus  shift 141
	T_times  shift 142
	T_mod  shift 149
	T_OR  shift 150
	T_AND  shift 151
	T_div  shift 152
	T_case  reduce 67
	T_DOWNTO  reduce 67
	T_STEP  reduce 67
	T_TO  reduce 67
	T_rparen  reduce 67
	T_equal  reduce 67
	T_greater  reduce 67
	T_less  reduce 67
	T_less_equal  reduce 67
	T_greater_equal  reduce 67
	T_not_equal  reduce 67
	T_semicolon  reduce 67
	T_colon  reduce 67
	T_comma  reduce 67
	T_rbracket  reduce 67


state 188
	expr : expr . T_plus expr  (58)
	expr : expr . T_minus expr  (59)
	expr : expr . T_times expr  (60)
	expr : expr . T_div expr  (61)
	expr : expr . T_mod expr  (62)
	expr : expr . T_MOD expr  (63)
	expr : expr . T_equal expr  (64)
	expr : expr . T_not_equal expr  (65)
	expr : expr . T_greater expr  (66)
	expr : expr . T_less expr  (67)
	expr : expr . T_less_equal expr  (68)
	expr : expr T_less_equal expr .  (68)
	expr : expr . T_greater_equal expr  (69)
	expr : expr . T_and expr  (70)
	expr : expr . T_AND expr  (71)
	expr : expr . T_OR expr  (72)
	expr : expr . T_or expr  (73)

	T_and  shift 137
	T_MOD  shift 138
	T_or  shift 139
	T_plus  shift 140
	T_minus  shift 141
	T_times  shift 142
	T_mod  shift 149
	T_OR  shift 150
	T_AND  shift 151
	T_div  shift 152
	T_case  reduce 68
	T_DOWNTO  reduce 68
	T_STEP  reduce 68
	T_TO  reduce 68
	T_rparen  reduce 68
	T_equal  reduce 68
	T_greater  reduce 68
	T_less  reduce 68
	T_less_equal  reduce 68
	T_greater_equal  reduce 68
	T_not_equal  reduce 68
	T_semicolon  reduce 68
	T_colon  reduce 68
	T_comma  reduce 68
	T_rbracket  reduce 68


state 189
	expr : expr . T_plus expr  (58)
	expr : expr . T_minus expr  (59)
	expr : expr . T_times expr  (60)
	expr : expr . T_div expr  (61)
	expr : expr . T_mod expr  (62)
	expr : expr . T_MOD expr  (63)
	expr : expr . T_equal expr  (64)
	expr : expr . T_not_equal expr  (65)
	expr : expr . T_greater expr  (66)
	expr : expr . T_less expr  (67)
	expr : expr . T_less_equal expr  (68)
	expr : expr . T_greater_equal expr  (69)
	expr : expr T_greater_equal expr .  (69)
	expr : expr . T_and expr  (70)
	expr : expr . T_AND expr  (71)
	expr : expr . T_OR expr  (72)
	expr : expr . T_or expr  (73)

	T_and  shift 137
	T_MOD  shift 138
	T_or  shift 139
	T_plus  shift 140
	T_minus  shift 141
	T_times  shift 142
	T_mod  shift 149
	T_OR  shift 150
	T_AND  shift 151
	T_div  shift 152
	T_case  reduce 69
	T_DOWNTO  reduce 69
	T_STEP  reduce 69
	T_TO  reduce 69
	T_rparen  reduce 69
	T_equal  reduce 69
	T_greater  reduce 69
	T_less  reduce 69
	T_less_equal  reduce 69
	T_greater_equal  reduce 69
	T_not_equal  reduce 69
	T_semicolon  reduce 69
	T_colon  reduce 69
	T_comma  reduce 69
	T_rbracket  reduce 69


state 190
	expr : expr . T_plus expr  (58)
	expr : expr . T_minus expr  (59)
	expr : expr . T_times expr  (60)
	expr : expr . T_div expr  (61)
	expr : expr . T_mod expr  (62)
	expr : expr . T_MOD expr  (63)
	expr : expr . T_equal expr  (64)
	expr : expr . T_not_equal expr  (65)
	expr : expr T_not_equal expr .  (65)
	expr : expr . T_greater expr  (66)
	expr : expr . T_less expr  (67)
	expr : expr . T_less_equal expr  (68)
	expr : expr . T_greater_equal expr  (69)
	expr : expr . T_and expr  (70)
	expr : expr . T_AND expr  (71)
	expr : expr . T_OR expr  (72)
	expr : expr . T_or expr  (73)

	T_and  shift 137
	T_MOD  shift 138
	T_or  shift 139
	T_plus  shift 140
	T_minus  shift 141
	T_times  shift 142
	T_mod  shift 149
	T_OR  shift 150
	T_AND  shift 151
	T_div  shift 152
	T_case  reduce 65
	T_DOWNTO  reduce 65
	T_STEP  reduce 65
	T_TO  reduce 65
	T_rparen  reduce 65
	T_equal  reduce 65
	T_greater  reduce 65
	T_less  reduce 65
	T_less_equal  reduce 65
	T_greater_equal  reduce 65
	T_not_equal  reduce 65
	T_semicolon  reduce 65
	T_colon  reduce 65
	T_comma  reduce 65
	T_rbracket  reduce 65


state 191
	expr : expr . T_plus expr  (58)
	expr : expr . T_minus expr  (59)
	expr : expr . T_times expr  (60)
	expr : expr . T_div expr  (61)
	expr : expr . T_mod expr  (62)
	expr : expr T_mod expr .  (62)
	expr : expr . T_MOD expr  (63)
	expr : expr . T_equal expr  (64)
	expr : expr . T_not_equal expr  (65)
	expr : expr . T_greater expr  (66)
	expr : expr . T_less expr  (67)
	expr : expr . T_less_equal expr  (68)
	expr : expr . T_greater_equal expr  (69)
	expr : expr . T_and expr  (70)
	expr : expr . T_AND expr  (71)
	expr : expr . T_OR expr  (72)
	expr : expr . T_or expr  (73)

	.  reduce 62


state 192
	expr : expr . T_plus expr  (58)
	expr : expr . T_minus expr  (59)
	expr : expr . T_times expr  (60)
	expr : expr . T_div expr  (61)
	expr : expr . T_mod expr  (62)
	expr : expr . T_MOD expr  (63)
	expr : expr . T_equal expr  (64)
	expr : expr . T_not_equal expr  (65)
	expr : expr . T_greater expr  (66)
	expr : expr . T_less expr  (67)
	expr : expr . T_less_equal expr  (68)
	expr : expr . T_greater_equal expr  (69)
	expr : expr . T_and expr  (70)
	expr : expr . T_AND expr  (71)
	expr : expr . T_OR expr  (72)
	expr : expr T_OR expr .  (72)
	expr : expr . T_or expr  (73)

	T_and  shift 137
	T_MOD  shift 138
	T_times  shift 142
	T_mod  shift 149
	T_AND  shift 151
	T_div  shift 152
	T_case  reduce 72
	T_DOWNTO  reduce 72
	T_or  reduce 72
	T_STEP  reduce 72
	T_TO  reduce 72
	T_rparen  reduce 72
	T_plus  reduce 72
	T_minus  reduce 72
	T_equal  reduce 72
	T_greater  reduce 72
	T_less  reduce 72
	T_less_equal  reduce 72
	T_greater_equal  reduce 72
	T_not_equal  reduce 72
	T_OR  reduce 72
	T_semicolon  reduce 72
	T_colon  reduce 72
	T_comma  reduce 72
	T_rbracket  reduce 72


state 193
	expr : expr . T_plus expr  (58)
	expr : expr . T_minus expr  (59)
	expr : expr . T_times expr  (60)
	expr : expr . T_div expr  (61)
	expr : expr . T_mod expr  (62)
	expr : expr . T_MOD expr  (63)
	expr : expr . T_equal expr  (64)
	expr : expr . T_not_equal expr  (65)
	expr : expr . T_greater expr  (66)
	expr : expr . T_less expr  (67)
	expr : expr . T_less_equal expr  (68)
	expr : expr . T_greater_equal expr  (69)
	expr : expr . T_and expr  (70)
	expr : expr . T_AND expr  (71)
	expr : expr T_AND expr .  (71)
	expr : expr . T_OR expr  (72)
	expr : expr . T_or expr  (73)

	.  reduce 71


state 194
	expr : expr . T_plus expr  (58)
	expr : expr . T_minus expr  (59)
	expr : expr . T_times expr  (60)
	expr : expr . T_div expr  (61)
	expr : expr T_div expr .  (61)
	expr : expr . T_mod expr  (62)
	expr : expr . T_MOD expr  (63)
	expr : expr . T_equal expr  (64)
	expr : expr . T_not_equal expr  (65)
	expr : expr . T_greater expr  (66)
	expr : expr . T_less expr  (67)
	expr : expr . T_less_equal expr  (68)
	expr : expr . T_greater_equal expr  (69)
	expr : expr . T_and expr  (70)
	expr : expr . T_AND expr  (71)
	expr : expr . T_OR expr  (72)
	expr : expr . T_or expr  (73)

	.  reduce 61


state 195
	expr : expr . T_plus expr  (58)
	expr : expr . T_minus expr  (59)
	expr : expr . T_times expr  (60)
	expr : expr . T_div expr  (61)
	expr : expr . T_mod expr  (62)
	expr : expr . T_MOD expr  (63)
	expr : expr . T_equal expr  (64)
	expr : expr . T_not_equal expr  (65)
	expr : expr . T_greater expr  (66)
	expr : expr . T_less expr  (67)
	expr : expr . T_less_equal expr  (68)
	expr : expr . T_greater_equal expr  (69)
	expr : expr . T_and expr  (70)
	expr : expr . T_AND expr  (71)
	expr : expr . T_OR expr  (72)
	expr : expr . T_or expr  (73)
	stmt : T_switch stoppable T_lparen expr . T_rparen T_lbrace inner_switch T_default T_colon clause T_rbrace  (97)
	stmt : T_switch stoppable T_lparen expr . T_rparen T_lbrace inner_switch T_rbrace  (98)

	T_and  shift 137
	T_MOD  shift 138
	T_or  shift 139
	T_rparen  shift 212
	T_plus  shift 140
	T_minus  shift 141
	T_times  shift 142
	T_equal  shift 143
	T_greater  shift 144
	T_less  shift 145
	T_less_equal  shift 146
	T_greater_equal  shift 147
	T_not_equal  shift 148
	T_mod  shift 149
	T_OR  shift 150
	T_AND  shift 151
	T_div  shift 152
	.  error


state 196
	expr : expr . T_plus expr  (58)
	expr : expr . T_minus expr  (59)
	expr : expr . T_times expr  (60)
	expr : expr . T_div expr  (61)
	expr : expr . T_mod expr  (62)
	expr : expr . T_MOD expr  (63)
	expr : expr . T_equal expr  (64)
	expr : expr . T_not_equal expr  (65)
	expr : expr . T_greater expr  (66)
	expr : expr . T_less expr  (67)
	expr : expr . T_less_equal expr  (68)
	expr : expr . T_greater_equal expr  (69)
	expr : expr . T_and expr  (70)
	expr : expr . T_AND expr  (71)
	expr : expr . T_OR expr  (72)
	expr : expr . T_or expr  (73)
	stmt : T_while stoppable T_lparen expr . T_rparen stmt  (94)

	T_and  shift 137
	T_MOD  shift 138
	T_or  shift 139
	T_rparen  shift 213
	T_plus  shift 140
	T_minus  shift 141
	T_times  shift 142
	T_equal  shift 143
	T_greater  shift 144
	T_less  shift 145
	T_less_equal  shift 146
	T_greater_equal  shift 147
	T_not_equal  shift 148
	T_mod  shift 149
	T_OR  shift 150
	T_AND  shift 151
	T_div  shift 152
	.  error


state 197
	expressions : T_comma . expr expressions  (80)

	T_false  shift 80
	T_not  shift 81
	T_true  shift 82
	T_lparen  shift 83
	T_plus  shift 84
	T_minus  shift 85
	T_NOT  shift 86
	T_name  shift 52
	T_real_const  shift 88
	T_const_char  shift 89
	T_string_const  shift 90
	T_int_const  shift 91
	.  error

	expr  goto 214
	l_value  goto 93
	call  goto 94


state 198
	call : T_name T_lparen expr expressions . T_rparen  (78)

	T_rparen  shift 215
	.  error


state 199
	expr_list : T_lbracket expr T_rbracket . expr_list  (76)
	expr_list : .  (75)

	T_lbracket  shift 98
	T_and  reduce 75
	T_case  reduce 75
	T_DOWNTO  reduce 75
	T_MOD  reduce 75
	T_or  reduce 75
	T_STEP  reduce 75
	T_TO  reduce 75
	T_eq  reduce 75
	T_rparen  reduce 75
	T_plus  reduce 75
	T_minus  reduce 75
	T_times  reduce 75
	T_equal  reduce 75
	T_greater  reduce 75
	T_less  reduce 75
	T_less_equal  reduce 75
	T_greater_equal  reduce 75
	T_not_equal  reduce 75
	T_mod  reduce 75
	T_mod_equal  reduce 75
	T_plus_equal  reduce 75
	T_minus_equal  reduce 75
	T_div_equal  reduce 75
	T_times_equal  reduce 75
	T_minus_minus  reduce 75
	T_plus_plus  reduce 75
	T_OR  reduce 75
	T_AND  reduce 75
	T_div  reduce 75
	T_semicolon  reduce 75
	T_colon  reduce 75
	T_comma  reduce 75
	T_rbracket  reduce 75

	expr_list  goto 216


state 200
	stmt : l_value assign expr T_semicolon .  (88)

	.  reduce 88


state 201
	pformat : T_FORM T_lparen . expr T_comma expr T_rparen  (132)
	pformat : T_FORM T_lparen . expr T_comma expr T_comma expr T_rparen  (133)

	T_false  shift 80
	T_not  shift 81
	T_true  shift 82
	T_lparen  shift 83
	T_plus  shift 84
	T_minus  shift 85
	T_NOT  shift 86
	T_name  shift 52
	T_real_const  shift 88
	T_const_char  shift 89
	T_string_const  shift 90
	T_int_const  shift 91
	.  error

	expr  goto 217
	l_value  goto 93
	call  goto 94


state 202
	stmt : write T_lparen T_rparen T_semicolon .  (104)

	.  reduce 104


state 203
	pformat_list : T_comma . pformat pformat_list  (126)

	T_false  shift 80
	T_FORM  shift 162
	T_not  shift 81
	T_true  shift 82
	T_lparen  shift 83
	T_plus  shift 84
	T_minus  shift 85
	T_NOT  shift 86
	T_name  shift 52
	T_real_const  shift 88
	T_const_char  shift 89
	T_string_const  shift 90
	T_int_const  shift 91
	.  error

	expr  goto 164
	l_value  goto 93
	call  goto 94
	pformat  goto 218


state 204
	stmt : write T_lparen pformat pformat_list . T_rparen T_semicolon  (105)

	T_rparen  shift 219
	.  error


state 205
	formal : T_name T_lbracket T_rbracket . formal_end  (31)
	formal_end : .  (32)

	T_lbracket  shift 220
	T_rparen  reduce 32
	T_comma  reduce 32

	formal_end  goto 221


state 206
	formal : T_name T_lbracket const_expr . T_rbracket formal_end  (30)

	T_rbracket  shift 222
	.  error


state 207
	routine_header_list : T_comma ptype . formal routine_header_list  (25)

	T_ampersand  shift 116
	T_name  shift 117
	.  error

	formal  goto 223


state 208
	var_init_bra_list : T_lbracket const_expr T_rbracket var_init_bra_list .  (20)

	.  reduce 20


state 209
	stmt : T_do stoppable stmt T_while T_lparen . expr T_rparen T_semicolon  (96)

	T_false  shift 80
	T_not  shift 81
	T_true  shift 82
	T_lparen  shift 83
	T_plus  shift 84
	T_minus  shift 85
	T_NOT  shift 86
	T_name  shift 52
	T_real_const  shift 88
	T_const_char  shift 89
	T_string_const  shift 90
	T_int_const  shift 91
	.  error

	expr  goto 224
	l_value  goto 93
	call  goto 94


state 210
	stmt : T_FOR stoppable T_lparen T_name T_comma . range T_rparen stmt  (95)

	T_false  shift 80
	T_not  shift 81
	T_true  shift 82
	T_lparen  shift 83
	T_plus  shift 84
	T_minus  shift 85
	T_NOT  shift 86
	T_name  shift 52
	T_real_const  shift 88
	T_const_char  shift 89
	T_string_const  shift 90
	T_int_const  shift 91
	.  error

	expr  goto 225
	l_value  goto 93
	call  goto 94
	range  goto 226


211: shift/reduce conflict (shift 227, reduce 93) on T_else
state 211
	stmt : T_if T_lparen expr T_rparen stmt . T_else stmt  (92)
	stmt : T_if T_lparen expr T_rparen stmt .  (93)

	T_else  shift 227
	T_bool  reduce 93
	T_break  reduce 93
	T_case  reduce 93
	T_char  reduce 93
	T_const  reduce 93
	T_continue  reduce 93
	T_default  reduce 93
	T_do  reduce 93
	T_FOR  reduce 93
	T_if  reduce 93
	T_int  reduce 93
	T_NEXT  reduce 93
	T_REAL  reduce 93
	T_return  reduce 93
	T_switch  reduce 93
	T_while  reduce 93
	T_WRITE  reduce 93
	T_WRITELN  reduce 93
	T_WRITESP  reduce 93
	T_WRITESPLN  reduce 93
	T_semicolon  reduce 93
	T_lbrace  reduce 93
	T_rbrace  reduce 93
	T_name  reduce 93


state 212
	stmt : T_switch stoppable T_lparen expr T_rparen . T_lbrace inner_switch T_default T_colon clause T_rbrace  (97)
	stmt : T_switch stoppable T_lparen expr T_rparen . T_lbrace inner_switch T_rbrace  (98)

	T_lbrace  shift 228
	.  error


state 213
	stmt : T_while stoppable T_lparen expr T_rparen . stmt  (94)
	openScope : .  (38)

	T_break  shift 39
	T_continue  shift 40
	T_do  shift 41
	T_FOR  shift 42
	T_if  shift 43
	T_return  shift 44
	T_switch  shift 45
	T_while  shift 46
	T_WRITE  shift 47
	T_WRITELN  shift 48
	T_WRITESP  shift 49
	T_WRITESPLN  shift 50
	T_semicolon  shift 51
	T_name  shift 52
	T_lbrace  reduce 38

	l_value  goto 55
	call  goto 56
	stmt  goto 229
	write  goto 60
	openScope  goto 61


state 214
	expr : expr . T_plus expr  (58)
	expr : expr . T_minus expr  (59)
	expr : expr . T_times expr  (60)
	expr : expr . T_div expr  (61)
	expr : expr . T_mod expr  (62)
	expr : expr . T_MOD expr  (63)
	expr : expr . T_equal expr  (64)
	expr : expr . T_not_equal expr  (65)
	expr : expr . T_greater expr  (66)
	expr : expr . T_less expr  (67)
	expr : expr . T_less_equal expr  (68)
	expr : expr . T_greater_equal expr  (69)
	expr : expr . T_and expr  (70)
	expr : expr . T_AND expr  (71)
	expr : expr . T_OR expr  (72)
	expr : expr . T_or expr  (73)
	expressions : T_comma expr . expressions  (80)
	expressions : .  (79)

	T_and  shift 137
	T_MOD  shift 138
	T_or  shift 139
	T_plus  shift 140
	T_minus  shift 141
	T_times  shift 142
	T_equal  shift 143
	T_greater  shift 144
	T_less  shift 145
	T_less_equal  shift 146
	T_greater_equal  shift 147
	T_not_equal  shift 148
	T_mod  shift 149
	T_OR  shift 150
	T_AND  shift 151
	T_div  shift 152
	T_comma  shift 197
	T_rparen  reduce 79

	expressions  goto 230


state 215
	call : T_name T_lparen expr expressions T_rparen .  (78)

	.  reduce 78


state 216
	expr_list : T_lbracket expr T_rbracket expr_list .  (76)

	.  reduce 76


state 217
	expr : expr . T_plus expr  (58)
	expr : expr . T_minus expr  (59)
	expr : expr . T_times expr  (60)
	expr : expr . T_div expr  (61)
	expr : expr . T_mod expr  (62)
	expr : expr . T_MOD expr  (63)
	expr : expr . T_equal expr  (64)
	expr : expr . T_not_equal expr  (65)
	expr : expr . T_greater expr  (66)
	expr : expr . T_less expr  (67)
	expr : expr . T_less_equal expr  (68)
	expr : expr . T_greater_equal expr  (69)
	expr : expr . T_and expr  (70)
	expr : expr . T_AND expr  (71)
	expr : expr . T_OR expr  (72)
	expr : expr . T_or expr  (73)
	pformat : T_FORM T_lparen expr . T_comma expr T_rparen  (132)
	pformat : T_FORM T_lparen expr . T_comma expr T_comma expr T_rparen  (133)

	T_and  shift 137
	T_MOD  shift 138
	T_or  shift 139
	T_plus  shift 140
	T_minus  shift 141
	T_times  shift 142
	T_equal  shift 143
	T_greater  shift 144
	T_less  shift 145
	T_less_equal  shift 146
	T_greater_equal  shift 147
	T_not_equal  shift 148
	T_mod  shift 149
	T_OR  shift 150
	T_AND  shift 151
	T_div  shift 152
	T_comma  shift 231
	.  error


state 218
	pformat_list : T_comma pformat . pformat_list  (126)
	pformat_list : .  (125)

	T_comma  shift 203
	T_rparen  reduce 125

	pformat_list  goto 232


state 219
	stmt : write T_lparen pformat pformat_list T_rparen . T_semicolon  (105)

	T_semicolon  shift 233
	.  error


state 220
	formal_end : T_lbracket . const_expr T_rbracket formal_end  (33)

	T_false  shift 80
	T_not  shift 81
	T_true  shift 82
	T_lparen  shift 83
	T_plus  shift 84
	T_minus  shift 85
	T_NOT  shift 86
	T_name  shift 52
	T_real_const  shift 88
	T_const_char  shift 89
	T_string_const  shift 90
	T_int_const  shift 91
	.  error

	const_expr  goto 234
	expr  goto 121
	l_value  goto 93
	call  goto 94


state 221
	formal : T_name T_lbracket T_rbracket formal_end .  (31)

	.  reduce 31


state 222
	formal : T_name T_lbracket const_expr T_rbracket . formal_end  (30)
	formal_end : .  (32)

	T_lbracket  shift 220
	T_rparen  reduce 32
	T_comma  reduce 32

	formal_end  goto 235


state 223
	routine_header_list : T_comma ptype formal . routine_header_list  (25)
	routine_header_list : .  (24)

	T_comma  shift 169
	T_rparen  reduce 24

	routine_header_list  goto 236


state 224
	expr : expr . T_plus expr  (58)
	expr : expr . T_minus expr  (59)
	expr : expr . T_times expr  (60)
	expr : expr . T_div expr  (61)
	expr : expr . T_mod expr  (62)
	expr : expr . T_MOD expr  (63)
	expr : expr . T_equal expr  (64)
	expr : expr . T_not_equal expr  (65)
	expr : expr . T_greater expr  (66)
	expr : expr . T_less expr  (67)
	expr : expr . T_less_equal expr  (68)
	expr : expr . T_greater_equal expr  (69)
	expr : expr . T_and expr  (70)
	expr : expr . T_AND expr  (71)
	expr : expr . T_OR expr  (72)
	expr : expr . T_or expr  (73)
	stmt : T_do stoppable stmt T_while T_lparen expr . T_rparen T_semicolon  (96)

	T_and  shift 137
	T_MOD  shift 138
	T_or  shift 139
	T_rparen  shift 237
	T_plus  shift 140
	T_minus  shift 141
	T_times  shift 142
	T_equal  shift 143
	T_greater  shift 144
	T_less  shift 145
	T_less_equal  shift 146
	T_greater_equal  shift 147
	T_not_equal  shift 148
	T_mod  shift 149
	T_OR  shift 150
	T_AND  shift 151
	T_div  shift 152
	.  error


state 225
	expr : expr . T_plus expr  (58)
	expr : expr . T_minus expr  (59)
	expr : expr . T_times expr  (60)
	expr : expr . T_div expr  (61)
	expr : expr . T_mod expr  (62)
	expr : expr . T_MOD expr  (63)
	expr : expr . T_equal expr  (64)
	expr : expr . T_not_equal expr  (65)
	expr : expr . T_greater expr  (66)
	expr : expr . T_less expr  (67)
	expr : expr . T_less_equal expr  (68)
	expr : expr . T_greater_equal expr  (69)
	expr : expr . T_and expr  (70)
	expr : expr . T_AND expr  (71)
	expr : expr . T_OR expr  (72)
	expr : expr . T_or expr  (73)
	range : expr . T_TO expr  (113)
	range : expr . T_TO expr T_STEP expr  (114)
	range : expr . T_DOWNTO expr  (115)
	range : expr . T_DOWNTO expr T_STEP expr  (116)

	T_and  shift 137
	T_DOWNTO  shift 238
	T_MOD  shift 138
	T_or  shift 139
	T_TO  shift 239
	T_plus  shift 140
	T_minus  shift 141
	T_times  shift 142
	T_equal  shift 143
	T_greater  shift 144
	T_less  shift 145
	T_less_equal  shift 146
	T_greater_equal  shift 147
	T_not_equal  shift 148
	T_mod  shift 149
	T_OR  shift 150
	T_AND  shift 151
	T_div  shift 152
	.  error


state 226
	stmt : T_FOR stoppable T_lparen T_name T_comma range . T_rparen stmt  (95)

	T_rparen  shift 240
	.  error


state 227
	stmt : T_if T_lparen expr T_rparen stmt T_else . stmt  (92)
	openScope : .  (38)

	T_break  shift 39
	T_continue  shift 40
	T_do  shift 41
	T_FOR  shift 42
	T_if  shift 43
	T_return  shift 44
	T_switch  shift 45
	T_while  shift 46
	T_WRITE  shift 47
	T_WRITELN  shift 48
	T_WRITESP  shift 49
	T_WRITESPLN  shift 50
	T_semicolon  shift 51
	T_name  shift 52
	T_lbrace  reduce 38

	l_value  goto 55
	call  goto 56
	stmt  goto 241
	write  goto 60
	openScope  goto 61


state 228
	stmt : T_switch stoppable T_lparen expr T_rparen T_lbrace . inner_switch T_default T_colon clause T_rbrace  (97)
	stmt : T_switch stoppable T_lparen expr T_rparen T_lbrace . inner_switch T_rbrace  (98)
	inner_switch : .  (121)

	T_case  shift 242
	T_default  reduce 121
	T_rbrace  reduce 121

	inner_switch  goto 243
	switch_exp  goto 244


state 229
	stmt : T_while stoppable T_lparen expr T_rparen stmt .  (94)

	.  reduce 94


state 230
	expressions : T_comma expr expressions .  (80)

	.  reduce 80


state 231
	pformat : T_FORM T_lparen expr T_comma . expr T_rparen  (132)
	pformat : T_FORM T_lparen expr T_comma . expr T_comma expr T_rparen  (133)

	T_false  shift 80
	T_not  shift 81
	T_true  shift 82
	T_lparen  shift 83
	T_plus  shift 84
	T_minus  shift 85
	T_NOT  shift 86
	T_name  shift 52
	T_real_const  shift 88
	T_const_char  shift 89
	T_string_const  shift 90
	T_int_const  shift 91
	.  error

	expr  goto 245
	l_value  goto 93
	call  goto 94


state 232
	pformat_list : T_comma pformat pformat_list .  (126)

	.  reduce 126


state 233
	stmt : write T_lparen pformat pformat_list T_rparen T_semicolon .  (105)

	.  reduce 105


state 234
	formal_end : T_lbracket const_expr . T_rbracket formal_end  (33)

	T_rbracket  shift 246
	.  error


state 235
	formal : T_name T_lbracket const_expr T_rbracket formal_end .  (30)

	.  reduce 30


state 236
	routine_header_list : T_comma ptype formal routine_header_list .  (25)

	.  reduce 25


state 237
	stmt : T_do stoppable stmt T_while T_lparen expr T_rparen . T_semicolon  (96)

	T_semicolon  shift 247
	.  error


state 238
	range : expr T_DOWNTO . expr  (115)
	range : expr T_DOWNTO . expr T_STEP expr  (116)

	T_false  shift 80
	T_not  shift 81
	T_true  shift 82
	T_lparen  shift 83
	T_plus  shift 84
	T_minus  shift 85
	T_NOT  shift 86
	T_name  shift 52
	T_real_const  shift 88
	T_const_char  shift 89
	T_string_const  shift 90
	T_int_const  shift 91
	.  error

	expr  goto 248
	l_value  goto 93
	call  goto 94


state 239
	range : expr T_TO . expr  (113)
	range : expr T_TO . expr T_STEP expr  (114)

	T_false  shift 80
	T_not  shift 81
	T_true  shift 82
	T_lparen  shift 83
	T_plus  shift 84
	T_minus  shift 85
	T_NOT  shift 86
	T_name  shift 52
	T_real_const  shift 88
	T_const_char  shift 89
	T_string_const  shift 90
	T_int_const  shift 91
	.  error

	expr  goto 249
	l_value  goto 93
	call  goto 94


state 240
	stmt : T_FOR stoppable T_lparen T_name T_comma range T_rparen . stmt  (95)
	openScope : .  (38)

	T_break  shift 39
	T_continue  shift 40
	T_do  shift 41
	T_FOR  shift 42
	T_if  shift 43
	T_return  shift 44
	T_switch  shift 45
	T_while  shift 46
	T_WRITE  shift 47
	T_WRITELN  shift 48
	T_WRITESP  shift 49
	T_WRITESPLN  shift 50
	T_semicolon  shift 51
	T_name  shift 52
	T_lbrace  reduce 38

	l_value  goto 55
	call  goto 56
	stmt  goto 250
	write  goto 60
	openScope  goto 61


state 241
	stmt : T_if T_lparen expr T_rparen stmt T_else stmt .  (92)

	.  reduce 92


state 242
	switch_exp : T_case . const_expr T_colon  (123)
	switch_exp : T_case . const_expr switch_exp  (124)

	T_false  shift 80
	T_not  shift 81
	T_true  shift 82
	T_lparen  shift 83
	T_plus  shift 84
	T_minus  shift 85
	T_NOT  shift 86
	T_name  shift 52
	T_real_const  shift 88
	T_const_char  shift 89
	T_string_const  shift 90
	T_int_const  shift 91
	.  error

	const_expr  goto 251
	expr  goto 121
	l_value  goto 93
	call  goto 94


state 243
	stmt : T_switch stoppable T_lparen expr T_rparen T_lbrace inner_switch . T_default T_colon clause T_rbrace  (97)
	stmt : T_switch stoppable T_lparen expr T_rparen T_lbrace inner_switch . T_rbrace  (98)

	T_default  shift 252
	T_rbrace  shift 253
	.  error


state 244
	inner_switch : switch_exp . clause inner_switch  (122)
	openScope : .  (38)
	stmt_list : .  (117)

	T_break  shift 39
	T_continue  shift 40
	T_do  shift 41
	T_FOR  shift 42
	T_if  shift 43
	T_return  shift 44
	T_switch  shift 45
	T_while  shift 46
	T_WRITE  shift 47
	T_WRITELN  shift 48
	T_WRITESP  shift 49
	T_WRITESPLN  shift 50
	T_semicolon  shift 51
	T_name  shift 52
	T_case  reduce 117
	T_default  reduce 117
	T_NEXT  reduce 117
	T_lbrace  reduce 38
	T_rbrace  reduce 117

	l_value  goto 55
	call  goto 56
	stmt  goto 254
	clause  goto 255
	stmt_list  goto 256
	write  goto 60
	openScope  goto 61


state 245
	expr : expr . T_plus expr  (58)
	expr : expr . T_minus expr  (59)
	expr : expr . T_times expr  (60)
	expr : expr . T_div expr  (61)
	expr : expr . T_mod expr  (62)
	expr : expr . T_MOD expr  (63)
	expr : expr . T_equal expr  (64)
	expr : expr . T_not_equal expr  (65)
	expr : expr . T_greater expr  (66)
	expr : expr . T_less expr  (67)
	expr : expr . T_less_equal expr  (68)
	expr : expr . T_greater_equal expr  (69)
	expr : expr . T_and expr  (70)
	expr : expr . T_AND expr  (71)
	expr : expr . T_OR expr  (72)
	expr : expr . T_or expr  (73)
	pformat : T_FORM T_lparen expr T_comma expr . T_rparen  (132)
	pformat : T_FORM T_lparen expr T_comma expr . T_comma expr T_rparen  (133)

	T_and  shift 137
	T_MOD  shift 138
	T_or  shift 139
	T_rparen  shift 257
	T_plus  shift 140
	T_minus  shift 141
	T_times  shift 142
	T_equal  shift 143
	T_greater  shift 144
	T_less  shift 145
	T_less_equal  shift 146
	T_greater_equal  shift 147
	T_not_equal  shift 148
	T_mod  shift 149
	T_OR  shift 150
	T_AND  shift 151
	T_div  shift 152
	T_comma  shift 258
	.  error


state 246
	formal_end : T_lbracket const_expr T_rbracket . formal_end  (33)
	formal_end : .  (32)

	T_lbracket  shift 220
	T_rparen  reduce 32
	T_comma  reduce 32

	formal_end  goto 259


state 247
	stmt : T_do stoppable stmt T_while T_lparen expr T_rparen T_semicolon .  (96)

	.  reduce 96


state 248
	expr : expr . T_plus expr  (58)
	expr : expr . T_minus expr  (59)
	expr : expr . T_times expr  (60)
	expr : expr . T_div expr  (61)
	expr : expr . T_mod expr  (62)
	expr : expr . T_MOD expr  (63)
	expr : expr . T_equal expr  (64)
	expr : expr . T_not_equal expr  (65)
	expr : expr . T_greater expr  (66)
	expr : expr . T_less expr  (67)
	expr : expr . T_less_equal expr  (68)
	expr : expr . T_greater_equal expr  (69)
	expr : expr . T_and expr  (70)
	expr : expr . T_AND expr  (71)
	expr : expr . T_OR expr  (72)
	expr : expr . T_or expr  (73)
	range : expr T_DOWNTO expr .  (115)
	range : expr T_DOWNTO expr . T_STEP expr  (116)

	T_and  shift 137
	T_MOD  shift 138
	T_or  shift 139
	T_STEP  shift 260
	T_plus  shift 140
	T_minus  shift 141
	T_times  shift 142
	T_equal  shift 143
	T_greater  shift 144
	T_less  shift 145
	T_less_equal  shift 146
	T_greater_equal  shift 147
	T_not_equal  shift 148
	T_mod  shift 149
	T_OR  shift 150
	T_AND  shift 151
	T_div  shift 152
	T_rparen  reduce 115


state 249
	expr : expr . T_plus expr  (58)
	expr : expr . T_minus expr  (59)
	expr : expr . T_times expr  (60)
	expr : expr . T_div expr  (61)
	expr : expr . T_mod expr  (62)
	expr : expr . T_MOD expr  (63)
	expr : expr . T_equal expr  (64)
	expr : expr . T_not_equal expr  (65)
	expr : expr . T_greater expr  (66)
	expr : expr . T_less expr  (67)
	expr : expr . T_less_equal expr  (68)
	expr : expr . T_greater_equal expr  (69)
	expr : expr . T_and expr  (70)
	expr : expr . T_AND expr  (71)
	expr : expr . T_OR expr  (72)
	expr : expr . T_or expr  (73)
	range : expr T_TO expr .  (113)
	range : expr T_TO expr . T_STEP expr  (114)

	T_and  shift 137
	T_MOD  shift 138
	T_or  shift 139
	T_STEP  shift 261
	T_plus  shift 140
	T_minus  shift 141
	T_times  shift 142
	T_equal  shift 143
	T_greater  shift 144
	T_less  shift 145
	T_less_equal  shift 146
	T_greater_equal  shift 147
	T_not_equal  shift 148
	T_mod  shift 149
	T_OR  shift 150
	T_AND  shift 151
	T_div  shift 152
	T_rparen  reduce 113


state 250
	stmt : T_FOR stoppable T_lparen T_name T_comma range T_rparen stmt .  (95)

	.  reduce 95


state 251
	switch_exp : T_case const_expr . T_colon  (123)
	switch_exp : T_case const_expr . switch_exp  (124)

	T_case  shift 242
	T_colon  shift 262
	.  error

	switch_exp  goto 263


state 252
	stmt : T_switch stoppable T_lparen expr T_rparen T_lbrace inner_switch T_default . T_colon clause T_rbrace  (97)

	T_colon  shift 264
	.  error


state 253
	stmt : T_switch stoppable T_lparen expr T_rparen T_lbrace inner_switch T_rbrace .  (98)

	.  reduce 98


state 254
	stmt_list : stmt . stmt_list  (118)
	openScope : .  (38)
	stmt_list : .  (117)

	T_break  shift 39
	T_continue  shift 40
	T_do  shift 41
	T_FOR  shift 42
	T_if  shift 43
	T_return  shift 44
	T_switch  shift 45
	T_while  shift 46
	T_WRITE  shift 47
	T_WRITELN  shift 48
	T_WRITESP  shift 49
	T_WRITESPLN  shift 50
	T_semicolon  shift 51
	T_name  shift 52
	T_case  reduce 117
	T_default  reduce 117
	T_NEXT  reduce 117
	T_lbrace  reduce 38
	T_rbrace  reduce 117

	l_value  goto 55
	call  goto 56
	stmt  goto 254
	stmt_list  goto 265
	write  goto 60
	openScope  goto 61


state 255
	inner_switch : switch_exp clause . inner_switch  (122)
	inner_switch : .  (121)

	T_case  shift 242
	T_default  reduce 121
	T_rbrace  reduce 121

	inner_switch  goto 266
	switch_exp  goto 244


state 256
	clause : stmt_list .  (119)
	clause : stmt_list . T_NEXT T_semicolon  (120)

	T_NEXT  shift 267
	T_case  reduce 119
	T_default  reduce 119
	T_rbrace  reduce 119


state 257
	pformat : T_FORM T_lparen expr T_comma expr T_rparen .  (132)

	.  reduce 132


state 258
	pformat : T_FORM T_lparen expr T_comma expr T_comma . expr T_rparen  (133)

	T_false  shift 80
	T_not  shift 81
	T_true  shift 82
	T_lparen  shift 83
	T_plus  shift 84
	T_minus  shift 85
	T_NOT  shift 86
	T_name  shift 52
	T_real_const  shift 88
	T_const_char  shift 89
	T_string_const  shift 90
	T_int_const  shift 91
	.  error

	expr  goto 268
	l_value  goto 93
	call  goto 94


state 259
	formal_end : T_lbracket const_expr T_rbracket formal_end .  (33)

	.  reduce 33


state 260
	range : expr T_DOWNTO expr T_STEP . expr  (116)

	T_false  shift 80
	T_not  shift 81
	T_true  shift 82
	T_lparen  shift 83
	T_plus  shift 84
	T_minus  shift 85
	T_NOT  shift 86
	T_name  shift 52
	T_real_const  shift 88
	T_const_char  shift 89
	T_string_const  shift 90
	T_int_const  shift 91
	.  error

	expr  goto 269
	l_value  goto 93
	call  goto 94


state 261
	range : expr T_TO expr T_STEP . expr  (114)

	T_false  shift 80
	T_not  shift 81
	T_true  shift 82
	T_lparen  shift 83
	T_plus  shift 84
	T_minus  shift 85
	T_NOT  shift 86
	T_name  shift 52
	T_real_const  shift 88
	T_const_char  shift 89
	T_string_const  shift 90
	T_int_const  shift 91
	.  error

	expr  goto 270
	l_value  goto 93
	call  goto 94


state 262
	switch_exp : T_case const_expr T_colon .  (123)

	.  reduce 123


state 263
	switch_exp : T_case const_expr switch_exp .  (124)

	.  reduce 124


state 264
	stmt : T_switch stoppable T_lparen expr T_rparen T_lbrace inner_switch T_default T_colon . clause T_rbrace  (97)
	openScope : .  (38)
	stmt_list : .  (117)

	T_break  shift 39
	T_continue  shift 40
	T_do  shift 41
	T_FOR  shift 42
	T_if  shift 43
	T_return  shift 44
	T_switch  shift 45
	T_while  shift 46
	T_WRITE  shift 47
	T_WRITELN  shift 48
	T_WRITESP  shift 49
	T_WRITESPLN  shift 50
	T_semicolon  shift 51
	T_name  shift 52
	T_NEXT  reduce 117
	T_lbrace  reduce 38
	T_rbrace  reduce 117

	l_value  goto 55
	call  goto 56
	stmt  goto 254
	clause  goto 271
	stmt_list  goto 256
	write  goto 60
	openScope  goto 61


state 265
	stmt_list : stmt stmt_list .  (118)

	.  reduce 118


state 266
	inner_switch : switch_exp clause inner_switch .  (122)

	.  reduce 122


state 267
	clause : stmt_list T_NEXT . T_semicolon  (120)

	T_semicolon  shift 272
	.  error


state 268
	expr : expr . T_plus expr  (58)
	expr : expr . T_minus expr  (59)
	expr : expr . T_times expr  (60)
	expr : expr . T_div expr  (61)
	expr : expr . T_mod expr  (62)
	expr : expr . T_MOD expr  (63)
	expr : expr . T_equal expr  (64)
	expr : expr . T_not_equal expr  (65)
	expr : expr . T_greater expr  (66)
	expr : expr . T_less expr  (67)
	expr : expr . T_less_equal expr  (68)
	expr : expr . T_greater_equal expr  (69)
	expr : expr . T_and expr  (70)
	expr : expr . T_AND expr  (71)
	expr : expr . T_OR expr  (72)
	expr : expr . T_or expr  (73)
	pformat : T_FORM T_lparen expr T_comma expr T_comma expr . T_rparen  (133)

	T_and  shift 137
	T_MOD  shift 138
	T_or  shift 139
	T_rparen  shift 273
	T_plus  shift 140
	T_minus  shift 141
	T_times  shift 142
	T_equal  shift 143
	T_greater  shift 144
	T_less  shift 145
	T_less_equal  shift 146
	T_greater_equal  shift 147
	T_not_equal  shift 148
	T_mod  shift 149
	T_OR  shift 150
	T_AND  shift 151
	T_div  shift 152
	.  error


state 269
	expr : expr . T_plus expr  (58)
	expr : expr . T_minus expr  (59)
	expr : expr . T_times expr  (60)
	expr : expr . T_div expr  (61)
	expr : expr . T_mod expr  (62)
	expr : expr . T_MOD expr  (63)
	expr : expr . T_equal expr  (64)
	expr : expr . T_not_equal expr  (65)
	expr : expr . T_greater expr  (66)
	expr : expr . T_less expr  (67)
	expr : expr . T_less_equal expr  (68)
	expr : expr . T_greater_equal expr  (69)
	expr : expr . T_and expr  (70)
	expr : expr . T_AND expr  (71)
	expr : expr . T_OR expr  (72)
	expr : expr . T_or expr  (73)
	range : expr T_DOWNTO expr T_STEP expr .  (116)

	T_and  shift 137
	T_MOD  shift 138
	T_or  shift 139
	T_plus  shift 140
	T_minus  shift 141
	T_times  shift 142
	T_equal  shift 143
	T_greater  shift 144
	T_less  shift 145
	T_less_equal  shift 146
	T_greater_equal  shift 147
	T_not_equal  shift 148
	T_mod  shift 149
	T_OR  shift 150
	T_AND  shift 151
	T_div  shift 152
	T_rparen  reduce 116


state 270
	expr : expr . T_plus expr  (58)
	expr : expr . T_minus expr  (59)
	expr : expr . T_times expr  (60)
	expr : expr . T_div expr  (61)
	expr : expr . T_mod expr  (62)
	expr : expr . T_MOD expr  (63)
	expr : expr . T_equal expr  (64)
	expr : expr . T_not_equal expr  (65)
	expr : expr . T_greater expr  (66)
	expr : expr . T_less expr  (67)
	expr : expr . T_less_equal expr  (68)
	expr : expr . T_greater_equal expr  (69)
	expr : expr . T_and expr  (70)
	expr : expr . T_AND expr  (71)
	expr : expr . T_OR expr  (72)
	expr : expr . T_or expr  (73)
	range : expr T_TO expr T_STEP expr .  (114)

	T_and  shift 137
	T_MOD  shift 138
	T_or  shift 139
	T_plus  shift 140
	T_minus  shift 141
	T_times  shift 142
	T_equal  shift 143
	T_greater  shift 144
	T_less  shift 145
	T_less_equal  shift 146
	T_greater_equal  shift 147
	T_not_equal  shift 148
	T_mod  shift 149
	T_OR  shift 150
	T_AND  shift 151
	T_div  shift 152
	T_rparen  reduce 114


state 271
	stmt : T_switch stoppable T_lparen expr T_rparen T_lbrace inner_switch T_default T_colon clause . T_rbrace  (97)

	T_rbrace  shift 274
	.  error


state 272
	clause : stmt_list T_NEXT T_semicolon .  (120)

	.  reduce 120


state 273
	pformat : T_FORM T_lparen expr T_comma expr T_comma expr T_rparen .  (133)

	.  reduce 133


state 274
	stmt : T_switch stoppable T_lparen expr T_rparen T_lbrace inner_switch T_default T_colon clause T_rbrace .  (97)

	.  reduce 97


State 211 contains 1 shift/reduce conflict.


76 terminals, 45 nonterminals
135 grammar rules, 275 states
